
** (main.py:17172): WARNING **: Trying to register gtype 'WnckWindowState' as enum when in fact it is of type 'GFlags'

** (main.py:17172): WARNING **: Trying to register gtype 'WnckWindowActions' as enum when in fact it is of type 'GFlags'

** (main.py:17172): WARNING **: Trying to register gtype 'WnckWindowMoveResizeMask' as enum when in fact it is of type 'GFlags'

(main.py:17172): Wnck-WARNING **: Unhandled action type _OB_WM_ACTION_UNDECORATE

(main.py:17172): Wnck-WARNING **: Unhandled action type _OB_WM_ACTION_UNDECORATE

(main.py:17172): Wnck-WARNING **: Unhandled action type _OB_WM_ACTION_UNDECORATE

(main.py:17172): Wnck-WARNING **: Unhandled action type _OB_WM_ACTION_UNDECORATE

(main.py:17172): Wnck-WARNING **: Unhandled action type _OB_WM_ACTION_UNDECORATE

(main.py:17172): Wnck-WARNING **: Unhandled action type _OB_WM_ACTION_UNDECORATE

(main.py:17172): Wnck-WARNING **: Unhandled action type _OB_WM_ACTION_UNDECORATE
** (pcmanfm:19692): DEBUG: unable to load icon . GThemedIcon application-octet-stream gnome-mime-application-octet-stream application-x-generic

(main.py:17172): Wnck-WARNING **: Unhandled action type _OB_WM_ACTION_UNDECORATE

(main.py:17172): Wnck-WARNING **: Unhandled action type _OB_WM_ACTION_UNDECORATE

(main.py:17172): Wnck-WARNING **: Unhandled action type _OB_WM_ACTION_UNDECORATE
** (pcmanfm:19692): DEBUG: total number of files to delete: 260

(main.py:17172): Wnck-WARNING **: Unhandled action type _OB_WM_ACTION_UNDECORATE

(main.py:17172): Wnck-WARNING **: Unhandled action type _OB_WM_ACTION_UNDECORATE

(main.py:17172): Wnck-WARNING **: Unhandled action type _OB_WM_ACTION_UNDECORATE

(main.py:17172): Wnck-WARNING **: Unhandled action type _OB_WM_ACTION_UNDECORATE

(main.py:17172): Wnck-WARNING **: Unhandled action type _OB_WM_ACTION_UNDECORATE

(main.py:17172): Wnck-WARNING **: Unhandled action type _OB_WM_ACTION_UNDECORATE

(main.py:17172): Wnck-WARNING **: Unhandled action type _OB_WM_ACTION_UNDECORATE

(main.py:17172): Wnck-WARNING **: Unhandled action type _OB_WM_ACTION_UNDECORATE

(main.py:17172): Wnck-WARNING **: Unhandled action type _OB_WM_ACTION_UNDECORATE

(main.py:17172): Wnck-WARNING **: Unhandled action type _OB_WM_ACTION_UNDECORATE

(main.py:17172): Wnck-WARNING **: Unhandled action type _OB_WM_ACTION_UNDECORATE

(main.py:17172): Wnck-WARNING **: Unhandled action type _OB_WM_ACTION_UNDECORATE

(main.py:17172): Wnck-WARNING **: Unhandled action type _OB_WM_ACTION_UNDECORATE

(main.py:17172): Wnck-WARNING **: Unhandled action type _OB_WM_ACTION_UNDECORATE

(main.py:17172): Wnck-WARNING **: Unhandled action type _OB_WM_ACTION_UNDECORATE

(main.py:17172): Wnck-WARNING **: Unhandled action type _OB_WM_ACTION_UNDECORATE

(main.py:17172): Wnck-WARNING **: Unhandled action type _OB_WM_ACTION_UNDECORATE
** (pcmanfm:19692): DEBUG: FmJob error: No such file or directory
** (pcmanfm:19692): DEBUG: FmJob error: No such file or directory
** (pcmanfm:19692): DEBUG: FmJob error: No such file or directory
** (pcmanfm:19692): DEBUG: FmJob error: No such file or directory
** (pcmanfm:19692): DEBUG: FmJob error: No such file or directory
** (pcmanfm:19692): DEBUG: FmJob error: No such file or directory
** (pcmanfm:19692): DEBUG: FmJob error: No such file or directory
** (pcmanfm:19692): DEBUG: FmJob error: No such file or directory
** (pcmanfm:19692): DEBUG: FmJob error: No such file or directory
** (pcmanfm:19692): DEBUG: FmJob error: No such file or directory

(main.py:17172): Wnck-WARNING **: Unhandled action type _OB_WM_ACTION_UNDECORATE

(main.py:17172): Wnck-WARNING **: Unhandled action type _OB_WM_ACTION_UNDECORATE

(main.py:17172): Wnck-WARNING **: Unhandled action type _OB_WM_ACTION_UNDECORATE

(main.py:17172): Wnck-WARNING **: Unhandled action type _OB_WM_ACTION_UNDECORATE

(main.py:17172): Wnck-WARNING **: Unhandled action type _OB_WM_ACTION_UNDECORATE

(main.py:17172): Wnck-WARNING **: Unhandled action type _OB_WM_ACTION_UNDECORATE

(main.py:17172): Wnck-WARNING **: Unhandled action type _OB_WM_ACTION_UNDECORATE
** (pcmanfm:19692): DEBUG: FmJob error: No such file or directory
** (pcmanfm:19692): DEBUG: FmJob error: No such file or directory
** (pcmanfm:19692): DEBUG: FmJob error: No such file or directory
** (pcmanfm:19692): DEBUG: FmJob error: No such file or directory
** (pcmanfm:19692): DEBUG: FmJob error: No such file or directory
** (pcmanfm:19692): DEBUG: FmJob error: No such file or directory
** (pcmanfm:19692): DEBUG: FmJob error: No such file or directory
** (pcmanfm:19692): DEBUG: FmJob error: No such file or directory
** (pcmanfm:19692): DEBUG: FmJob error: No such file or directory
** (pcmanfm:19692): DEBUG: FmJob error: No such file or directory
** (pcmanfm:19692): DEBUG: FmJob error: No such file or directory
** (pcmanfm:19692): DEBUG: FmJob error: No such file or directory
** (pcmanfm:19692): DEBUG: FmJob error: No such file or directory
** (pcmanfm:19692): DEBUG: FmJob error: No such file or directory
** (pcmanfm:19692): DEBUG: FmJob error: No such file or directory
** (pcmanfm:19692): DEBUG: FmJob error: No such file or directory
** (pcmanfm:19692): DEBUG: FmJob error: No such file or directory
** (pcmanfm:19692): DEBUG: FmJob error: No such file or directory
** (pcmanfm:19692): DEBUG: FmJob error: No such file or directory
** (pcmanfm:19692): DEBUG: FmJob error: No such file or directory
** (pcmanfm:19692): DEBUG: FmJob error: No such file or directory
** (pcmanfm:19692): DEBUG: FmJob error: No such file or directory
** (pcmanfm:19692): DEBUG: FmJob error: No such file or directory
** (pcmanfm:19692): DEBUG: FmJob error: No such file or directory
** (pcmanfm:19692): DEBUG: FmJob error: No such file or directory

(main.py:17172): Wnck-WARNING **: Unhandled action type _OB_WM_ACTION_UNDECORATE

(exe:21439): Gdk-WARNING **: XID collision, trouble ahead

(exe:21439): Gdk-WARNING **: XID collision, trouble ahead

(exe:21439): Gdk-WARNING **: XID collision, trouble ahead

(exe:21439): Gdk-WARNING **: XID collision, trouble ahead

(exe:21439): Gdk-WARNING **: XID collision, trouble ahead

(exe:21439): Gdk-WARNING **: XID collision, trouble ahead

(main.py:17172): Wnck-WARNING **: Unhandled action type _OB_WM_ACTION_UNDECORATE

(lxappearance:21510): GLib-CRITICAL **: g_regex_match_full: assertion `regex != NULL' failed

(lxappearance:21510): GLib-CRITICAL **: g_match_info_matches: assertion `match_info != NULL' failed

(lxappearance:21510): GLib-CRITICAL **: g_regex_match_full: assertion `regex != NULL' failed

(lxappearance:21510): GLib-CRITICAL **: g_match_info_matches: assertion `match_info != NULL' failed

(main.py:17172): Wnck-WARNING **: Unhandled action type _OB_WM_ACTION_UNDECORATE

(main.py:17172): Wnck-WARNING **: Unhandled action type _OB_WM_ACTION_UNDECORATE
** (pcmanfm:19692): DEBUG: icon theme changed!
Gtk-Message: (for origin information, set GTK_DEBUG): failed to retrieve property `gtk-button-images' of type `gboolean' from rc file value "((GString*) 0x8643d20)" of type `gboolean'
Gtk-Message: (for origin information, set GTK_DEBUG): failed to retrieve property `gtk-menu-images' of type `gboolean' from rc file value "((GString*) 0x8656c40)" of type `gboolean'
Gtk-Message: (for origin information, set GTK_DEBUG): failed to retrieve property `gtk-enable-event-sounds' of type `gboolean' from rc file value "((GString*) 0x864ebb0)" of type `gboolean'
Gtk-Message: (for origin information, set GTK_DEBUG): failed to retrieve property `gtk-enable-input-feedback-sounds' of type `gboolean' from rc file value "((GString*) 0x8625d10)" of type `gboolean'
Gtk-Message: (for origin information, set GTK_DEBUG): failed to retrieve property `gtk-button-images' of type `gboolean' from rc file value "((GString*) 0x9903080)" of type `gboolean'
Gtk-Message: (for origin information, set GTK_DEBUG): failed to retrieve property `gtk-menu-images' of type `gboolean' from rc file value "((GString*) 0x9ab3e20)" of type `gboolean'
Gtk-Message: (for origin information, set GTK_DEBUG): failed to retrieve property `gtk-enable-event-sounds' of type `gboolean' from rc file value "((GString*) 0x9aeb060)" of type `gboolean'
Gtk-Message: (for origin information, set GTK_DEBUG): failed to retrieve property `gtk-enable-input-feedback-sounds' of type `gboolean' from rc file value "((GString*) 0x9ab3e10)" of type `gboolean'
/usr/share/adeskbar/adesk/bar.py:854: GtkWarning: IA__gtk_style_detach: assertion `style->attach_count > 0' failed
  gtk.main()
Gtk-Message: (for origin information, set GTK_DEBUG): failed to retrieve property `gtk-button-images' of type `gboolean' from rc file value "((GString*) 0x814eeb0)" of type `gboolean'
Gtk-Message: (for origin information, set GTK_DEBUG): failed to retrieve property `gtk-menu-images' of type `gboolean' from rc file value "((GString*) 0x814efc0)" of type `gboolean'
Gtk-Message: (for origin information, set GTK_DEBUG): failed to retrieve property `gtk-enable-event-sounds' of type `gboolean' from rc file value "((GString*) 0x81230c0)" of type `gboolean'
Gtk-Message: (for origin information, set GTK_DEBUG): failed to retrieve property `gtk-enable-input-feedback-sounds' of type `gboolean' from rc file value "((GString*) 0x814ee70)" of type `gboolean'
** (pcmanfm:19692): DEBUG: icon theme changed!
Gtk-Message: (for origin information, set GTK_DEBUG): failed to retrieve property `gtk-button-images' of type `gboolean' from rc file value "((GString*) 0x974af90)" of type `gboolean'
Gtk-Message: (for origin information, set GTK_DEBUG): failed to retrieve property `gtk-menu-images' of type `gboolean' from rc file value "((GString*) 0x970ceb0)" of type `gboolean'
Gtk-Message: (for origin information, set GTK_DEBUG): failed to retrieve property `gtk-enable-event-sounds' of type `gboolean' from rc file value "((GString*) 0x97469b0)" of type `gboolean'
Gtk-Message: (for origin information, set GTK_DEBUG): failed to retrieve property `gtk-enable-input-feedback-sounds' of type `gboolean' from rc file value "((GString*) 0x96fca10)" of type `gboolean'

(main.py:17172): Wnck-WARNING **: Unhandled action type _OB_WM_ACTION_UNDECORATE

(main.py:17172): Wnck-WARNING **: Unhandled action type _OB_WM_ACTION_UNDECORATE
Gtk-Message: (for origin information, set GTK_DEBUG): failed to retrieve property `gtk-enable-event-sounds' of type `gboolean' from rc file value "((GString*) 0x9c64610)" of type `gboolean'
Gtk-Message: (for origin information, set GTK_DEBUG): failed to retrieve property `gtk-enable-input-feedback-sounds' of type `gboolean' from rc file value "((GString*) 0x9c64570)" of type `gboolean'
Gtk-Message: (for origin information, set GTK_DEBUG): failed to retrieve property `gtk-button-images' of type `gboolean' from rc file value "((GString*) 0x9c64710)" of type `gboolean'

(main.py:17172): Wnck-WARNING **: Unhandled action type _OB_WM_ACTION_UNDECORATE
Gtk-Message: (for origin information, set GTK_DEBUG): failed to retrieve property `gtk-enable-event-sounds' of type `gboolean' from rc file value "((GString*) 0x9b95280)" of type `gboolean'
Gtk-Message: (for origin information, set GTK_DEBUG): failed to retrieve property `gtk-enable-input-feedback-sounds' of type `gboolean' from rc file value "((GString*) 0x9b95240)" of type `gboolean'
Gtk-Message: (for origin information, set GTK_DEBUG): failed to retrieve property `gtk-button-images' of type `gboolean' from rc file value "((GString*) 0x9b95c70)" of type `gboolean'

(main.py:17172): Wnck-WARNING **: Unhandled action type _OB_WM_ACTION_UNDECORATE

(main.py:17172): Wnck-WARNING **: Unhandled action type _OB_WM_ACTION_UNDECORATE

(main.py:17172): Wnck-WARNING **: Unhandled action type _OB_WM_ACTION_UNDECORATE

(main.py:17172): Wnck-WARNING **: Unhandled action type _OB_WM_ACTION_UNDECORATE

(main.py:17172): Wnck-WARNING **: Unhandled action type _OB_WM_ACTION_UNDECORATE

(main.py:17172): Wnck-WARNING **: Unhandled action type _OB_WM_ACTION_UNDECORATE

(main.py:17172): Wnck-WARNING **: Unhandled action type _OB_WM_ACTION_UNDECORATE

(main.py:17172): Wnck-WARNING **: Unhandled action type _OB_WM_ACTION_UNDECORATE

(main.py:17172): Wnck-WARNING **: Unhandled action type _OB_WM_ACTION_UNDECORATE

(main.py:17172): Wnck-WARNING **: Unhandled action type _OB_WM_ACTION_UNDECORATE

(main.py:17172): Wnck-WARNING **: Unhandled action type _OB_WM_ACTION_UNDECORATE

(main.py:17172): Wnck-WARNING **: Unhandled action type _OB_WM_ACTION_UNDECORATE

(main.py:17172): Wnck-WARNING **: Unhandled action type _OB_WM_ACTION_UNDECORATE

(main.py:17172): Wnck-WARNING **: Unhandled action type _OB_WM_ACTION_UNDECORATE

(main.py:17172): Wnck-WARNING **: Unhandled action type _OB_WM_ACTION_UNDECORATE

(main.py:17172): Wnck-WARNING **: Unhandled action type _OB_WM_ACTION_UNDECORATE

(main.py:17172): Wnck-WARNING **: Unhandled action type _OB_WM_ACTION_UNDECORATE

(main.py:17172): Wnck-WARNING **: Unhandled action type _OB_WM_ACTION_UNDECORATE

(main.py:17172): Wnck-WARNING **: Unhandled action type _OB_WM_ACTION_UNDECORATE

(main.py:17172): Wnck-WARNING **: Unhandled action type _OB_WM_ACTION_UNDECORATE

(main.py:17172): Wnck-WARNING **: Unhandled action type _OB_WM_ACTION_UNDECORATE

(main.py:17172): Wnck-WARNING **: Unhandled action type _OB_WM_ACTION_UNDECORATE

(main.py:17172): Wnck-WARNING **: Unhandled action type _OB_WM_ACTION_UNDECORATE

(main.py:17172): Wnck-WARNING **: Unhandled action type _OB_WM_ACTION_UNDECORATE

(main.py:17172): Wnck-WARNING **: Unhandled action type _OB_WM_ACTION_UNDECORATE

(main.py:17172): Wnck-WARNING **: Unhandled action type _OB_WM_ACTION_UNDECORATE

(main.py:17172): Wnck-WARNING **: Unhandled action type _OB_WM_ACTION_UNDECORATE

(main.py:17172): Wnck-WARNING **: Unhandled action type _OB_WM_ACTION_UNDECORATE

(main.py:17172): Wnck-WARNING **: Unhandled action type _OB_WM_ACTION_UNDECORATE

(main.py:17172): Wnck-WARNING **: Unhandled action type _OB_WM_ACTION_UNDECORATE

(main.py:17172): Wnck-WARNING **: Unhandled action type _OB_WM_ACTION_UNDECORATE

(main.py:17172): Wnck-WARNING **: Unhandled action type _OB_WM_ACTION_UNDECORATE

(main.py:17172): Wnck-WARNING **: Unhandled action type _OB_WM_ACTION_UNDECORATE

(main.py:17172): Wnck-WARNING **: Unhandled action type _OB_WM_ACTION_UNDECORATE

(main.py:17172): Wnck-WARNING **: Unhandled action type _OB_WM_ACTION_UNDECORATE

(main.py:17172): Wnck-WARNING **: Unhandled action type _OB_WM_ACTION_UNDECORATE

(main.py:17172): Wnck-WARNING **: Unhandled action type _OB_WM_ACTION_UNDECORATE

(main.py:17172): Wnck-WARNING **: Unhandled action type _OB_WM_ACTION_UNDECORATE

(main.py:17172): Wnck-WARNING **: Unhandled action type _OB_WM_ACTION_UNDECORATE

(main.py:17172): Wnck-WARNING **: Unhandled action type _OB_WM_ACTION_UNDECORATE

(main.py:17172): Wnck-WARNING **: Unhandled action type _OB_WM_ACTION_UNDECORATE

(main.py:17172): Wnck-WARNING **: Unhandled action type _OB_WM_ACTION_UNDECORATE

(main.py:17172): Wnck-WARNING **: Unhandled action type _OB_WM_ACTION_UNDECORATE

(main.py:17172): Wnck-WARNING **: Unhandled action type _OB_WM_ACTION_UNDECORATE

(main.py:17172): Wnck-WARNING **: Unhandled action type _OB_WM_ACTION_UNDECORATE

(main.py:17172): Wnck-WARNING **: Unhandled action type _OB_WM_ACTION_UNDECORATE

(main.py:17172): Wnck-WARNING **: Unhandled action type _OB_WM_ACTION_UNDECORATE
Gtk-Message: (for origin information, set GTK_DEBUG): failed to retrieve property `gtk-button-images' of type `gboolean' from rc file value "((GString*) 0x8630520)" of type `gboolean'
Gtk-Message: (for origin information, set GTK_DEBUG): failed to retrieve property `gtk-menu-images' of type `gboolean' from rc file value "((GString*) 0x8750910)" of type `gboolean'
Gtk-Message: (for origin information, set GTK_DEBUG): failed to retrieve property `gtk-enable-event-sounds' of type `gboolean' from rc file value "((GString*) 0x8647810)" of type `gboolean'
Gtk-Message: (for origin information, set GTK_DEBUG): failed to retrieve property `gtk-enable-input-feedback-sounds' of type `gboolean' from rc file value "((GString*) 0x86487c0)" of type `gboolean'

(lxterminal:19866): Gtk-WARNING **: Unable to locate theme engine in module_path: "pixmap",

(lxterminal:19866): Gtk-WARNING **: Unable to locate theme engine in module_path: "pixmap",

(lxterminal:19866): Gtk-WARNING **: Unable to locate theme engine in module_path: "pixmap",

(lxterminal:19866): Gtk-WARNING **: Unable to locate theme engine in module_path: "pixmap",

(lxterminal:19866): Gtk-WARNING **: Unable to locate theme engine in module_path: "pixmap",

(lxterminal:19866): Gtk-WARNING **: Unable to locate theme engine in module_path: "pixmap",

(lxterminal:19866): Gtk-WARNING **: Unable to locate theme engine in module_path: "pixmap",

(lxterminal:19866): Gtk-WARNING **: Unable to locate theme engine in module_path: "pixmap",

(lxterminal:19866): Gtk-WARNING **: Unable to locate theme engine in module_path: "pixmap",

(lxterminal:19866): Gtk-WARNING **: Unable to locate theme engine in module_path: "pixmap",

(lxterminal:19866): Gtk-WARNING **: Unable to locate theme engine in module_path: "pixmap",

(lxterminal:19866): Gtk-WARNING **: Unable to locate theme engine in module_path: "pixmap",

(main.py:17172): Wnck-WARNING **: Unhandled action type _OB_WM_ACTION_UNDECORATE

(main.py:17172): Wnck-WARNING **: Unhandled action type _OB_WM_ACTION_UNDECORATE
Gtk-Message: (for origin information, set GTK_DEBUG): failed to retrieve property `gtk-button-images' of type `gboolean' from rc file value "((GString*) 0x99488c0)" of type `gboolean'
Gtk-Message: (for origin information, set GTK_DEBUG): failed to retrieve property `gtk-menu-images' of type `gboolean' from rc file value "((GString*) 0x99465a0)" of type `gboolean'
Gtk-Message: (for origin information, set GTK_DEBUG): failed to retrieve property `gtk-enable-event-sounds' of type `gboolean' from rc file value "((GString*) 0x9944370)" of type `gboolean'
Gtk-Message: (for origin information, set GTK_DEBUG): failed to retrieve property `gtk-enable-input-feedback-sounds' of type `gboolean' from rc file value "((GString*) 0x9955200)" of type `gboolean'
/usr/share/adeskbar/adesk/bar.py:854: GtkWarning: Unable to locate theme engine in module_path: "pixmap",
  gtk.main()

(main.py:17172): Wnck-WARNING **: Unhandled action type _OB_WM_ACTION_UNDECORATE

(main.py:17172): Wnck-WARNING **: Unhandled action type _OB_WM_ACTION_UNDECORATE

(main.py:17172): Wnck-WARNING **: Unhandled action type _OB_WM_ACTION_UNDECORATE

(main.py:17172): Wnck-WARNING **: Unhandled action type _OB_WM_ACTION_UNDECORATE

(main.py:17172): Wnck-WARNING **: Unhandled action type _OB_WM_ACTION_UNDECORATE

(main.py:17172): Wnck-WARNING **: Unhandled action type _OB_WM_ACTION_UNDECORATE

(main.py:17172): Wnck-WARNING **: Unhandled action type _OB_WM_ACTION_UNDECORATE

(main.py:17172): Wnck-WARNING **: Unhandled action type _OB_WM_ACTION_UNDECORATE

(main.py:17172): Wnck-WARNING **: Unhandled action type _OB_WM_ACTION_UNDECORATE

(main.py:17172): Wnck-WARNING **: Unhandled action type _OB_WM_ACTION_UNDECORATE

(main.py:17172): Wnck-WARNING **: Unhandled action type _OB_WM_ACTION_UNDECORATE

(main.py:17172): Wnck-WARNING **: Unhandled action type _OB_WM_ACTION_UNDECORATE

(main.py:17172): Wnck-WARNING **: Unhandled action type _OB_WM_ACTION_UNDECORATE

(main.py:17172): Wnck-WARNING **: Unhandled action type _OB_WM_ACTION_UNDECORATE

(main.py:17172): Wnck-WARNING **: Unhandled action type _OB_WM_ACTION_UNDECORATE

(main.py:17172): Wnck-WARNING **: Unhandled action type _OB_WM_ACTION_UNDECORATE

(main.py:17172): Wnck-WARNING **: Unhandled action type _OB_WM_ACTION_UNDECORATE

(main.py:17172): Wnck-WARNING **: Unhandled action type _OB_WM_ACTION_UNDECORATE

(main.py:17172): Wnck-WARNING **: Unhandled action type _OB_WM_ACTION_UNDECORATE

(main.py:17172): Wnck-WARNING **: Unhandled action type _OB_WM_ACTION_UNDECORATE

(main.py:17172): Wnck-WARNING **: Unhandled action type _OB_WM_ACTION_UNDECORATE

(main.py:17172): Wnck-WARNING **: Unhandled action type _OB_WM_ACTION_UNDECORATE
Gtk-Message: (for origin information, set GTK_DEBUG): failed to retrieve property `gtk-enable-event-sounds' of type `gboolean' from rc file value "((GString*) 0x9d98610)" of type `gboolean'
Gtk-Message: (for origin information, set GTK_DEBUG): failed to retrieve property `gtk-enable-input-feedback-sounds' of type `gboolean' from rc file value "((GString*) 0x9d98570)" of type `gboolean'

(pcmanfm:21928): Gtk-WARNING **: Unable to locate theme engine in module_path: "pixmap",

(pcmanfm:21928): Gtk-WARNING **: Unable to locate theme engine in module_path: "pixmap",

(pcmanfm:21928): Gtk-WARNING **: Unable to locate theme engine in module_path: "pixmap",

(pcmanfm:21928): Gtk-WARNING **: Unable to locate theme engine in module_path: "pixmap",

(pcmanfm:21928): Gtk-WARNING **: Unable to locate theme engine in module_path: "pixmap",

(pcmanfm:21928): Gtk-WARNING **: Unable to locate theme engine in module_path: "pixmap",

(pcmanfm:21928): Gtk-WARNING **: Unable to locate theme engine in module_path: "pixmap",

(pcmanfm:21928): Gtk-WARNING **: Unable to locate theme engine in module_path: "pixmap",

(pcmanfm:21928): Gtk-WARNING **: Unable to locate theme engine in module_path: "pixmap",

(pcmanfm:21928): Gtk-WARNING **: Unable to locate theme engine in module_path: "pixmap",

(pcmanfm:21928): Gtk-WARNING **: Unable to locate theme engine in module_path: "pixmap",

(pcmanfm:21928): Gtk-WARNING **: Unable to locate theme engine in module_path: "pixmap",
Gtk-Message: (for origin information, set GTK_DEBUG): failed to retrieve property `gtk-menu-images' of type `gboolean' from rc file value "((GString*) 0x9d98680)" of type `gboolean'

(main.py:17172): Wnck-WARNING **: Unhandled action type _OB_WM_ACTION_UNDECORATE

(main.py:17172): Wnck-WARNING **: Unhandled action type _OB_WM_ACTION_UNDECORATE

(main.py:17172): Wnck-WARNING **: Unhandled action type _OB_WM_ACTION_UNDECORATE

(main.py:17172): Wnck-WARNING **: Unhandled action type _OB_WM_ACTION_UNDECORATE

(main.py:17172): Wnck-WARNING **: Unhandled action type _OB_WM_ACTION_UNDECORATE

(main.py:17172): Wnck-WARNING **: Unhandled action type _OB_WM_ACTION_UNDECORATE

(main.py:17172): Wnck-WARNING **: Unhandled action type _OB_WM_ACTION_UNDECORATE

(main.py:17172): Wnck-WARNING **: Unhandled action type _OB_WM_ACTION_UNDECORATE

(main.py:17172): Wnck-WARNING **: Unhandled action type _OB_WM_ACTION_UNDECORATE

(main.py:17172): Wnck-WARNING **: Unhandled action type _OB_WM_ACTION_UNDECORATE

(main.py:17172): Wnck-WARNING **: Unhandled action type _OB_WM_ACTION_UNDECORATE
Gtk-Message: (for origin information, set GTK_DEBUG): failed to retrieve property `gtk-enable-event-sounds' of type `gboolean' from rc file value "((GString*) 0x8e8b280)" of type `gboolean'
Gtk-Message: (for origin information, set GTK_DEBUG): failed to retrieve property `gtk-enable-input-feedback-sounds' of type `gboolean' from rc file value "((GString*) 0x8e8b240)" of type `gboolean'

(lxterminal:22116): Gtk-WARNING **: Unable to locate theme engine in module_path: "pixmap",

(lxterminal:22116): Gtk-WARNING **: Unable to locate theme engine in module_path: "pixmap",

(lxterminal:22116): Gtk-WARNING **: Unable to locate theme engine in module_path: "pixmap",

(lxterminal:22116): Gtk-WARNING **: Unable to locate theme engine in module_path: "pixmap",

(lxterminal:22116): Gtk-WARNING **: Unable to locate theme engine in module_path: "pixmap",

(lxterminal:22116): Gtk-WARNING **: Unable to locate theme engine in module_path: "pixmap",

(lxterminal:22116): Gtk-WARNING **: Unable to locate theme engine in module_path: "pixmap",

(lxterminal:22116): Gtk-WARNING **: Unable to locate theme engine in module_path: "pixmap",

(lxterminal:22116): Gtk-WARNING **: Unable to locate theme engine in module_path: "pixmap",

(lxterminal:22116): Gtk-WARNING **: Unable to locate theme engine in module_path: "pixmap",

(lxterminal:22116): Gtk-WARNING **: Unable to locate theme engine in module_path: "pixmap",

(lxterminal:22116): Gtk-WARNING **: Unable to locate theme engine in module_path: "pixmap",

(main.py:17172): Wnck-WARNING **: Unhandled action type _OB_WM_ACTION_UNDECORATE

(main.py:17172): Wnck-WARNING **: Unhandled action type _OB_WM_ACTION_UNDECORATE

(main.py:17172): Wnck-WARNING **: Unhandled action type _OB_WM_ACTION_UNDECORATE

(main.py:17172): Wnck-WARNING **: Unhandled action type _OB_WM_ACTION_UNDECORATE

(main.py:17172): Wnck-WARNING **: Unhandled action type _OB_WM_ACTION_UNDECORATE

(main.py:17172): Wnck-WARNING **: Unhandled action type _OB_WM_ACTION_UNDECORATE

(main.py:17172): Wnck-WARNING **: Unhandled action type _OB_WM_ACTION_UNDECORATE

(main.py:17172): Wnck-WARNING **: Unhandled action type _OB_WM_ACTION_UNDECORATE

(main.py:17172): Wnck-WARNING **: Unhandled action type _OB_WM_ACTION_UNDECORATE

(main.py:17172): Wnck-WARNING **: Unhandled action type _OB_WM_ACTION_UNDECORATE

(main.py:17172): Wnck-WARNING **: Unhandled action type _OB_WM_ACTION_UNDECORATE

(main.py:17172): Wnck-WARNING **: Unhandled action type _OB_WM_ACTION_UNDECORATE

(main.py:17172): Wnck-WARNING **: Unhandled action type _OB_WM_ACTION_UNDECORATE

(main.py:17172): Wnck-WARNING **: Unhandled action type _OB_WM_ACTION_UNDECORATE

(main.py:17172): Wnck-WARNING **: Unhandled action type _OB_WM_ACTION_UNDECORATE

(main.py:17172): Wnck-WARNING **: Unhandled action type _OB_WM_ACTION_UNDECORATE

(main.py:17172): Wnck-WARNING **: Unhandled action type _OB_WM_ACTION_UNDECORATE

(main.py:17172): Wnck-WARNING **: Unhandled action type _OB_WM_ACTION_UNDECORATE

(main.py:17172): Wnck-WARNING **: Unhandled action type _OB_WM_ACTION_UNDECORATE

(main.py:17172): Wnck-WARNING **: Unhandled action type _OB_WM_ACTION_UNDECORATE

(main.py:17172): Wnck-WARNING **: Unhandled action type _OB_WM_ACTION_UNDECORATE

(main.py:17172): Wnck-WARNING **: Unhandled action type _OB_WM_ACTION_UNDECORATE

(main.py:17172): Wnck-WARNING **: Unhandled action type _OB_WM_ACTION_UNDECORATE

(main.py:17172): Wnck-WARNING **: Unhandled action type _OB_WM_ACTION_UNDECORATE

(main.py:17172): Wnck-WARNING **: Unhandled action type _OB_WM_ACTION_UNDECORATE

(main.py:17172): Wnck-WARNING **: Unhandled action type _OB_WM_ACTION_UNDECORATE

(main.py:17172): Wnck-WARNING **: Unhandled action type _OB_WM_ACTION_UNDECORATE

(main.py:17172): Wnck-WARNING **: Unhandled action type _OB_WM_ACTION_UNDECORATE

(main.py:17172): Wnck-WARNING **: Unhandled action type _OB_WM_ACTION_UNDECORATE

(main.py:17172): Wnck-WARNING **: Unhandled action type _OB_WM_ACTION_UNDECORATE

(main.py:17172): Wnck-WARNING **: Unhandled action type _OB_WM_ACTION_UNDECORATE

(main.py:17172): Wnck-WARNING **: Unhandled action type _OB_WM_ACTION_UNDECORATE

(main.py:17172): Wnck-WARNING **: Unhandled action type _OB_WM_ACTION_UNDECORATE

(main.py:17172): Wnck-WARNING **: Unhandled action type _OB_WM_ACTION_UNDECORATE

(main.py:17172): Wnck-WARNING **: Unhandled action type _OB_WM_ACTION_UNDECORATE

(main.py:17172): Wnck-WARNING **: Unhandled action type _OB_WM_ACTION_UNDECORATE

(main.py:17172): Wnck-WARNING **: Unhandled action type _OB_WM_ACTION_UNDECORATE

(main.py:17172): Wnck-WARNING **: Unhandled action type _OB_WM_ACTION_UNDECORATE

(main.py:17172): Wnck-WARNING **: Unhandled action type _OB_WM_ACTION_UNDECORATE

(main.py:17172): Wnck-WARNING **: Unhandled action type _OB_WM_ACTION_UNDECORATE

(main.py:17172): Wnck-WARNING **: Unhandled action type _OB_WM_ACTION_UNDECORATE

(main.py:17172): Wnck-WARNING **: Unhandled action type _OB_WM_ACTION_UNDECORATE

(main.py:17172): Wnck-WARNING **: Unhandled action type _OB_WM_ACTION_UNDECORATE

(main.py:17172): Wnck-WARNING **: Unhandled action type _OB_WM_ACTION_UNDECORATE

(main.py:17172): Wnck-WARNING **: Unhandled action type _OB_WM_ACTION_UNDECORATE

(main.py:17172): Wnck-WARNING **: Unhandled action type _OB_WM_ACTION_UNDECORATE

(main.py:17172): Wnck-WARNING **: Unhandled action type _OB_WM_ACTION_UNDECORATE

(main.py:17172): Wnck-WARNING **: Unhandled action type _OB_WM_ACTION_UNDECORATE
Gtk-Message: (for origin information, set GTK_DEBUG): failed to retrieve property `gtk-enable-event-sounds' of type `gboolean' from rc file value "((GString*) 0x9ba6280)" of type `gboolean'
Gtk-Message: (for origin information, set GTK_DEBUG): failed to retrieve property `gtk-enable-input-feedback-sounds' of type `gboolean' from rc file value "((GString*) 0x9ba6240)" of type `gboolean'

(lxterminal:22186): Gtk-WARNING **: Unable to locate theme engine in module_path: "pixmap",

(lxterminal:22186): Gtk-WARNING **: Unable to locate theme engine in module_path: "pixmap",

(lxterminal:22186): Gtk-WARNING **: Unable to locate theme engine in module_path: "pixmap",

(lxterminal:22186): Gtk-WARNING **: Unable to locate theme engine in module_path: "pixmap",

(lxterminal:22186): Gtk-WARNING **: Unable to locate theme engine in module_path: "pixmap",

(lxterminal:22186): Gtk-WARNING **: Unable to locate theme engine in module_path: "pixmap",

(lxterminal:22186): Gtk-WARNING **: Unable to locate theme engine in module_path: "pixmap",

(lxterminal:22186): Gtk-WARNING **: Unable to locate theme engine in module_path: "pixmap",

(lxterminal:22186): Gtk-WARNING **: Unable to locate theme engine in module_path: "pixmap",

(lxterminal:22186): Gtk-WARNING **: Unable to locate theme engine in module_path: "pixmap",

(lxterminal:22186): Gtk-WARNING **: Unable to locate theme engine in module_path: "pixmap",

(lxterminal:22186): Gtk-WARNING **: Unable to locate theme engine in module_path: "pixmap",
Gtk-Message: (for origin information, set GTK_DEBUG): failed to retrieve property `gtk-menu-images' of type `gboolean' from rc file value "((GString*) 0x9ba6390)" of type `gboolean'

(main.py:17172): Wnck-WARNING **: Unhandled action type _OB_WM_ACTION_UNDECORATE

(main.py:17172): Wnck-WARNING **: Unhandled action type _OB_WM_ACTION_UNDECORATE
Gtk-Message: (for origin information, set GTK_DEBUG): failed to retrieve property `gtk-enable-event-sounds' of type `gboolean' from rc file value "((GString*) 0x9e6d610)" of type `gboolean'
Gtk-Message: (for origin information, set GTK_DEBUG): failed to retrieve property `gtk-enable-input-feedback-sounds' of type `gboolean' from rc file value "((GString*) 0x9e6d570)" of type `gboolean'

(pcmanfm:22213): Gtk-WARNING **: Unable to locate theme engine in module_path: "pixmap",

(pcmanfm:22213): Gtk-WARNING **: Unable to locate theme engine in module_path: "pixmap",

(pcmanfm:22213): Gtk-WARNING **: Unable to locate theme engine in module_path: "pixmap",

(pcmanfm:22213): Gtk-WARNING **: Unable to locate theme engine in module_path: "pixmap",

(pcmanfm:22213): Gtk-WARNING **: Unable to locate theme engine in module_path: "pixmap",

(pcmanfm:22213): Gtk-WARNING **: Unable to locate theme engine in module_path: "pixmap",

(pcmanfm:22213): Gtk-WARNING **: Unable to locate theme engine in module_path: "pixmap",

(pcmanfm:22213): Gtk-WARNING **: Unable to locate theme engine in module_path: "pixmap",

(pcmanfm:22213): Gtk-WARNING **: Unable to locate theme engine in module_path: "pixmap",

(pcmanfm:22213): Gtk-WARNING **: Unable to locate theme engine in module_path: "pixmap",

(pcmanfm:22213): Gtk-WARNING **: Unable to locate theme engine in module_path: "pixmap",

(pcmanfm:22213): Gtk-WARNING **: Unable to locate theme engine in module_path: "pixmap",
Gtk-Message: (for origin information, set GTK_DEBUG): failed to retrieve property `gtk-menu-images' of type `gboolean' from rc file value "((GString*) 0x9e6d680)" of type `gboolean'

(main.py:17172): Wnck-WARNING **: Unhandled action type _OB_WM_ACTION_UNDECORATE

(main.py:17172): Wnck-WARNING **: Unhandled action type _OB_WM_ACTION_UNDECORATE

(main.py:17172): Wnck-WARNING **: Unhandled action type _OB_WM_ACTION_UNDECORATE

(main.py:17172): Wnck-WARNING **: Unhandled action type _OB_WM_ACTION_UNDECORATE

(main.py:17172): Wnck-WARNING **: Unhandled action type _OB_WM_ACTION_UNDECORATE

(main.py:17172): Wnck-WARNING **: Unhandled action type _OB_WM_ACTION_UNDECORATE

(main.py:17172): Wnck-WARNING **: Unhandled action type _OB_WM_ACTION_UNDECORATE

(main.py:17172): Wnck-WARNING **: Unhandled action type _OB_WM_ACTION_UNDECORATE

(main.py:17172): Wnck-WARNING **: Unhandled action type _OB_WM_ACTION_UNDECORATE

(main.py:17172): Wnck-WARNING **: Unhandled action type _OB_WM_ACTION_UNDECORATE

(main.py:17172): Wnck-WARNING **: Unhandled action type _OB_WM_ACTION_UNDECORATE

(main.py:17172): Wnck-WARNING **: Unhandled action type _OB_WM_ACTION_UNDECORATE

(main.py:17172): Wnck-WARNING **: Unhandled action type _OB_WM_ACTION_UNDECORATE

(main.py:17172): Wnck-WARNING **: Unhandled action type _OB_WM_ACTION_UNDECORATE

(main.py:17172): Wnck-WARNING **: Unhandled action type _OB_WM_ACTION_UNDECORATE

(main.py:17172): Wnck-WARNING **: Unhandled action type _OB_WM_ACTION_UNDECORATE

(main.py:17172): Wnck-WARNING **: Unhandled action type _OB_WM_ACTION_UNDECORATE
Gtk-Message: (for origin information, set GTK_DEBUG): failed to retrieve property `gtk-enable-event-sounds' of type `gboolean' from rc file value "((GString*) 0x82df610)" of type `gboolean'
Gtk-Message: (for origin information, set GTK_DEBUG): failed to retrieve property `gtk-enable-input-feedback-sounds' of type `gboolean' from rc file value "((GString*) 0x82df570)" of type `gboolean'

(pcmanfm:22224): Gtk-WARNING **: Unable to locate theme engine in module_path: "pixmap",

(pcmanfm:22224): Gtk-WARNING **: Unable to locate theme engine in module_path: "pixmap",

(pcmanfm:22224): Gtk-WARNING **: Unable to locate theme engine in module_path: "pixmap",

(pcmanfm:22224): Gtk-WARNING **: Unable to locate theme engine in module_path: "pixmap",

(pcmanfm:22224): Gtk-WARNING **: Unable to locate theme engine in module_path: "pixmap",

(pcmanfm:22224): Gtk-WARNING **: Unable to locate theme engine in module_path: "pixmap",

(pcmanfm:22224): Gtk-WARNING **: Unable to locate theme engine in module_path: "pixmap",

(pcmanfm:22224): Gtk-WARNING **: Unable to locate theme engine in module_path: "pixmap",

(pcmanfm:22224): Gtk-WARNING **: Unable to locate theme engine in module_path: "pixmap",

(pcmanfm:22224): Gtk-WARNING **: Unable to locate theme engine in module_path: "pixmap",

(pcmanfm:22224): Gtk-WARNING **: Unable to locate theme engine in module_path: "pixmap",

(pcmanfm:22224): Gtk-WARNING **: Unable to locate theme engine in module_path: "pixmap",
Gtk-Message: (for origin information, set GTK_DEBUG): failed to retrieve property `gtk-menu-images' of type `gboolean' from rc file value "((GString*) 0x82df680)" of type `gboolean'

(main.py:17172): Wnck-WARNING **: Unhandled action type _OB_WM_ACTION_UNDECORATE
Gtk-Message: (for origin information, set GTK_DEBUG): failed to retrieve property `gtk-enable-event-sounds' of type `gboolean' from rc file value "((GString*) 0x993e610)" of type `gboolean'
Gtk-Message: (for origin information, set GTK_DEBUG): failed to retrieve property `gtk-enable-input-feedback-sounds' of type `gboolean' from rc file value "((GString*) 0x993e570)" of type `gboolean'

(pcmanfm:22236): Gtk-WARNING **: Unable to locate theme engine in module_path: "pixmap",

(pcmanfm:22236): Gtk-WARNING **: Unable to locate theme engine in module_path: "pixmap",

(pcmanfm:22236): Gtk-WARNING **: Unable to locate theme engine in module_path: "pixmap",

(pcmanfm:22236): Gtk-WARNING **: Unable to locate theme engine in module_path: "pixmap",

(pcmanfm:22236): Gtk-WARNING **: Unable to locate theme engine in module_path: "pixmap",

(pcmanfm:22236): Gtk-WARNING **: Unable to locate theme engine in module_path: "pixmap",

(pcmanfm:22236): Gtk-WARNING **: Unable to locate theme engine in module_path: "pixmap",

(pcmanfm:22236): Gtk-WARNING **: Unable to locate theme engine in module_path: "pixmap",

(pcmanfm:22236): Gtk-WARNING **: Unable to locate theme engine in module_path: "pixmap",

(pcmanfm:22236): Gtk-WARNING **: Unable to locate theme engine in module_path: "pixmap",

(pcmanfm:22236): Gtk-WARNING **: Unable to locate theme engine in module_path: "pixmap",

(pcmanfm:22236): Gtk-WARNING **: Unable to locate theme engine in module_path: "pixmap",
Gtk-Message: (for origin information, set GTK_DEBUG): failed to retrieve property `gtk-menu-images' of type `gboolean' from rc file value "((GString*) 0x993e680)" of type `gboolean'

(main.py:17172): Wnck-WARNING **: Unhandled action type _OB_WM_ACTION_UNDECORATE
** (pcmanfm:22236): DEBUG: unable to load icon . GThemedIcon application-x-trash gnome-mime-application-x-trash application-x-generic

(main.py:17172): Wnck-WARNING **: Unhandled action type _OB_WM_ACTION_UNDECORATE

(main.py:17172): Wnck-WARNING **: Unhandled action type _OB_WM_ACTION_UNDECORATE

(main.py:17172): Wnck-WARNING **: Unhandled action type _OB_WM_ACTION_UNDECORATE

(main.py:17172): Wnck-WARNING **: Unhandled action type _OB_WM_ACTION_UNDECORATE

(main.py:17172): Wnck-WARNING **: Unhandled action type _OB_WM_ACTION_UNDECORATE

(main.py:17172): Wnck-WARNING **: Unhandled action type _OB_WM_ACTION_UNDECORATE

(main.py:17172): Wnck-WARNING **: Unhandled action type _OB_WM_ACTION_UNDECORATE

(main.py:17172): Wnck-WARNING **: Unhandled action type _OB_WM_ACTION_UNDECORATE

(main.py:17172): Wnck-WARNING **: Unhandled action type _OB_WM_ACTION_UNDECORATE

(main.py:17172): Wnck-WARNING **: Unhandled action type _OB_WM_ACTION_UNDECORATE

(main.py:17172): Wnck-WARNING **: Unhandled action type _OB_WM_ACTION_UNDECORATE

(main.py:17172): Wnck-WARNING **: Unhandled action type _OB_WM_ACTION_UNDECORATE

(main.py:17172): Wnck-WARNING **: Unhandled action type _OB_WM_ACTION_UNDECORATE

(main.py:17172): Wnck-WARNING **: Unhandled action type _OB_WM_ACTION_UNDECORATE
Gtk-Message: (for origin information, set GTK_DEBUG): failed to retrieve property `gtk-enable-event-sounds' of type `gboolean' from rc file value "((GString*) 0x90ee7d0)" of type `gboolean'
Gtk-Message: (for origin information, set GTK_DEBUG): failed to retrieve property `gtk-enable-input-feedback-sounds' of type `gboolean' from rc file value "((GString*) 0x90ee790)" of type `gboolean'

(gedit:22398): Gtk-WARNING **: Unable to locate theme engine in module_path: "pixmap",

(gedit:22398): Gtk-WARNING **: Unable to locate theme engine in module_path: "pixmap",

(gedit:22398): Gtk-WARNING **: Unable to locate theme engine in module_path: "pixmap",

(gedit:22398): Gtk-WARNING **: Unable to locate theme engine in module_path: "pixmap",

(gedit:22398): Gtk-WARNING **: Unable to locate theme engine in module_path: "pixmap",

(gedit:22398): Gtk-WARNING **: Unable to locate theme engine in module_path: "pixmap",

(gedit:22398): Gtk-WARNING **: Unable to locate theme engine in module_path: "pixmap",

(gedit:22398): Gtk-WARNING **: Unable to locate theme engine in module_path: "pixmap",

(gedit:22398): Gtk-WARNING **: Unable to locate theme engine in module_path: "pixmap",

(gedit:22398): Gtk-WARNING **: Unable to locate theme engine in module_path: "pixmap",

(gedit:22398): Gtk-WARNING **: Unable to locate theme engine in module_path: "pixmap",

(gedit:22398): Gtk-WARNING **: Unable to locate theme engine in module_path: "pixmap",
Gtk-Message: (for origin information, set GTK_DEBUG): failed to retrieve property `gtk-menu-images' of type `gboolean' from rc file value "((GString*) 0x90ee860)" of type `gboolean'

(main.py:17172): Wnck-WARNING **: Unhandled action type _OB_WM_ACTION_UNDECORATE
('openbox_menu', '<openbox_menu>', 2, 0)
('menu', '<menu id=root-menu>', 3, 0)
('item', '<item>', 4, 0)
('action', '<action name=Execute>', 5, 0)
('execute', '<execute>', 6, 0)
('separator', '<separator>', 11, 0)
('item', '<item>', 12, 0)
('action', '<action name=Execute>', 13, 0)
('execute', '<execute>', 14, 0)
('item', '<item>', 19, 0)
('action', '<action name=Execute>', 20, 0)
('execute', '<execute>', 21, 0)
('item', '<item>', 26, 0)
('action', '<action name=Execute>', 27, 0)
('execute', '<execute>', 28, 0)
('item', '<item>', 33, 0)
('action', '<action name=Execute>', 34, 0)
('execute', '<execute>', 35, 0)
('item', '<item>', 40, 0)
('action', '<action name=Execute>', 41, 0)
('execute', '<execute>', 42, 0)
('separator', '<separator>', 47, 0)
('menu', '<menu id=accessories>', 48, 0)
('item', '<item>', 49, 0)
('action', '<action name=Execute>', 50, 0)
('execute', '<execute>', 51, 0)
('item', '<item>', 56, 0)
('action', '<action name=Execute>', 57, 0)
('execute', '<execute>', 58, 0)
('item', '<item>', 63, 0)
('action', '<action name=Execute>', 64, 0)
('execute', '<execute>', 65, 0)
('item', '<item>', 70, 0)
('action', '<action name=Execute>', 71, 0)
('execute', '<execute>', 72, 0)
('item', '<item>', 77, 0)
('action', '<action name=Execute>', 78, 0)
('execute', '<execute>', 79, 0)
('item', '<item>', 84, 0)
('action', '<action name=Execute>', 85, 0)
('execute', '<execute>', 86, 0)
('item', '<item>', 91, 0)
('action', '<action name=Execute>', 92, 0)
('execute', '<execute>', 93, 0)
('item', '<item>', 98, 0)
('action', '<action name=Execute>', 99, 0)
('execute', '<execute>', 100, 0)
('item', '<item>', 105, 0)
('action', '<action name=Execute>', 106, 0)
('execute', '<execute>', 107, 0)
('menu', '<menu id=graphics>', 113, 0)
('item', '<item>', 114, 0)
('action', '<action name=Execute>', 115, 0)
('execute', '<execute>', 116, 0)
('item', '<item>', 121, 0)
('action', '<action name=Execute>', 122, 0)
('execute', '<execute>', 123, 0)
('menu', '<menu id=graphicsScreenshots>', 128, 0)
('item', '<item>', 129, 0)
('action', '<action name=Execute>', 130, 0)
('execute', '<execute>', 131, 0)
('item', '<item>', 136, 0)
('action', '<action name=Execute>', 137, 0)
('execute', '<execute>', 138, 0)
('item', '<item>', 143, 0)
('action', '<action name=Execute>', 144, 0)
('execute', '<execute>', 145, 0)
('item', '<item>', 150, 0)
('action', '<action name=Execute>', 151, 0)
('execute', '<execute>', 152, 0)
('menu', '<menu id=root-menu-872339>', 159, 0)
('item', '<item>', 160, 0)
('action', '<action name=Execute>', 161, 0)
('execute', '<execute>', 162, 0)
('item', '<item>', 167, 0)
('action', '<action name=Execute>', 168, 0)
('execute', '<execute>', 169, 0)
('menu', '<menu id=multimedia>', 175, 0)
('item', '<item>', 176, 0)
('action', '<action name=Execute>', 177, 0)
('execute', '<execute>', 178, 0)
('item', '<item>', 183, 0)
('action', '<action name=Execute>', 184, 0)
('execute', '<execute>', 185, 0)
('item', '<item>', 190, 0)
('action', '<action name=Execute>', 191, 0)
('execute', '<execute>', 192, 0)
('menu', '<menu id=office>', 198, 0)
('item', '<item>', 199, 0)
('action', '<action name=Execute>', 200, 0)
('execute', '<execute>', 201, 0)
('item', '<item>', 206, 0)
('action', '<action name=Execute>', 207, 0)
('execute', '<execute>', 208, 0)
('item', '<item>', 213, 0)
('action', '<action name=Execute>', 214, 0)
('execute', '<execute>', 215, 0)
('item', '<item>', 220, 0)
('action', '<action name=Execute>', 221, 0)
('execute', '<execute>', 222, 0)
('separator', '<separator>', 228, 0)
('menu', '<menu id=places>', 229, 0)
('menu', '<menu id=apps-menu>', 230, 0)
('separator', '<separator>', 231, 0)
('menu', '<menu id=settings>', 232, 0)
('menu', '<menu id=settings-162352>', 233, 0)
('item', '<item>', 234, 0)
('action', '<action name=Execute>', 235, 0)
('execute', '<execute>', 236, 0)
('item', '<item>', 241, 0)
('action', '<action name=Execute>', 242, 0)
('execute', '<execute>', 243, 0)
('item', '<item>', 248, 0)
('action', '<action name=Execute>', 249, 0)
('execute', '<execute>', 250, 0)
('item', '<item>', 255, 0)
('action', '<action name=Execute>', 256, 0)
('execute', '<execute>', 257, 0)
('menu', '<menu id=conkyconfig>', 263, 0)
('item', '<item>', 264, 0)
('action', '<action name=Execute>', 265, 0)
('execute', '<execute>', 266, 0)
('item', '<item>', 271, 0)
('action', '<action name=Execute>', 272, 0)
('execute', '<execute>', 273, 0)
('menu', '<menu id=obConfig>', 279, 0)
('item', '<item>', 280, 0)
('action', '<action name=Execute>', 281, 0)
('execute', '<execute>', 282, 0)
('item', '<item>', 287, 0)
('action', '<action name=Execute>', 288, 0)
('execute', '<execute>', 289, 0)
('item', '<item>', 294, 0)
('action', '<action name=Execute>', 295, 0)
('execute', '<execute>', 296, 0)
('item', '<item>', 301, 0)
('action', '<action name=Execute>', 302, 0)
('execute', '<execute>', 303, 0)
('item', '<item>', 308, 0)
('action', '<action name=Reconfigure>', 309, 0)
('item', '<item>', 311, 0)
('action', '<action name=Restart>', 312, 0)
('menu', '<menu id=settings-15157>', 315, 0)
('item', '<item>', 316, 0)
('action', '<action name=Execute>', 317, 0)
('execute', '<execute>', 318, 0)
('item', '<item>', 323, 0)
('action', '<action name=Execute>', 324, 0)
('execute', '<execute>', 325, 0)
('item', '<item>', 331, 0)
('action', '<action name=Execute>', 332, 0)
('execute', '<execute>', 333, 0)
('item', '<item>', 338, 0)
('action', '<action name=Execute>', 339, 0)
('execute', '<execute>', 340, 0)
('item', '<item>', 345, 0)
('action', '<action name=Execute>', 346, 0)
('execute', '<execute>', 347, 0)
('item', '<item>', 352, 0)
('action', '<action name=Execute>', 353, 0)
('execute', '<execute>', 354, 0)
('item', '<item>', 359, 0)
('action', '<action name=Execute>', 360, 0)
('execute', '<execute>', 361, 0)
('separator', '<separator>', 367, 0)
('item', '<item>', 368, 0)
('openbox_menu', '<openbox_menu>', 2, 0)
('menu', '<menu id=root-menu>', 3, 0)
('item', '<item>', 4, 0)
('action', '<action name=Execute>', 5, 0)
('execute', '<execute>', 6, 0)
('separator', '<separator>', 11, 0)
('item', '<item>', 12, 0)
('action', '<action name=Execute>', 13, 0)
('execute', '<execute>', 14, 0)
('item', '<item>', 19, 0)
('action', '<action name=Execute>', 20, 0)
('execute', '<execute>', 21, 0)
('item', '<item>', 26, 0)
('action', '<action name=Execute>', 27, 0)
('execute', '<execute>', 28, 0)
('item', '<item>', 33, 0)
('action', '<action name=Execute>', 34, 0)
('execute', '<execute>', 35, 0)
('item', '<item>', 40, 0)
('action', '<action name=Execute>', 41, 0)
('execute', '<execute>', 42, 0)
('separator', '<separator>', 47, 0)
('menu', '<menu id=accessories>', 48, 0)
('item', '<item>', 49, 0)
('action', '<action name=Execute>', 50, 0)
('execute', '<execute>', 51, 0)
('item', '<item>', 56, 0)
('action', '<action name=Execute>', 57, 0)
('execute', '<execute>', 58, 0)
('item', '<item>', 63, 0)
('action', '<action name=Execute>', 64, 0)
('execute', '<execute>', 65, 0)
('item', '<item>', 70, 0)
('action', '<action name=Execute>', 71, 0)
('execute', '<execute>', 72, 0)
('item', '<item>', 77, 0)
('action', '<action name=Execute>', 78, 0)
('execute', '<execute>', 79, 0)
('item', '<item>', 84, 0)
('action', '<action name=Execute>', 85, 0)
('execute', '<execute>', 86, 0)
('item', '<item>', 91, 0)
('action', '<action name=Execute>', 92, 0)
('execute', '<execute>', 93, 0)
('item', '<item>', 98, 0)
('action', '<action name=Execute>', 99, 0)
('execute', '<execute>', 100, 0)
('item', '<item>', 105, 0)
('action', '<action name=Execute>', 106, 0)
('execute', '<execute>', 107, 0)
('menu', '<menu id=graphics>', 113, 0)
('item', '<item>', 114, 0)
('action', '<action name=Execute>', 115, 0)
('execute', '<execute>', 116, 0)
('item', '<item>', 121, 0)
('action', '<action name=Execute>', 122, 0)
('execute', '<execute>', 123, 0)
('menu', '<menu id=graphicsScreenshots>', 128, 0)
('item', '<item>', 129, 0)
('action', '<action name=Execute>', 130, 0)
('execute', '<execute>', 131, 0)
('item', '<item>', 136, 0)
('action', '<action name=Execute>', 137, 0)
('execute', '<execute>', 138, 0)
('item', '<item>', 143, 0)
('action', '<action name=Execute>', 144, 0)
('execute', '<execute>', 145, 0)
('item', '<item>', 150, 0)
('action', '<action name=E
(main.py:17172): Wnck-WARNING **: Unhandled action type _OB_WM_ACTION_UNDECORATE

(main.py:17172): Wnck-WARNING **: Unhandled action type _OB_WM_ACTION_UNDECORATE
xecute>', 151, 0)
('execute', '<execute>', 152, 0)
('menu', '<menu id=root-menu-872339>', 159, 0)
('item', '<item>', 160, 0)
('action', '<action name=Execute>', 161, 0)
('execute', '<execute>', 162, 0)
('item', '<item>', 167, 0)
('action', '<action name=Execute>', 168, 0)
('execute', '<execute>', 169, 0)
('menu', '<menu id=multimedia>', 175, 0)
('item', '<item>', 176, 0)
('action', '<action name=Execute>', 177, 0)
('execute', '<execute>', 178, 0)
('item', '<item>', 183, 0)
('action', '<action name=Execute>', 184, 0)
('execute', '<execute>', 185, 0)
('item', '<item>', 190, 0)
('action', '<action name=Execute>', 191, 0)
('execute', '<execute>', 192, 0)
('menu', '<menu id=office>', 198, 0)
('item', '<item>', 199, 0)
('action', '<action name=Execute>', 200, 0)
('execute', '<execute>', 201, 0)
('item', '<item>', 206, 0)
('action', '<action name=Execute>', 207, 0)
('execute', '<execute>', 208, 0)
('item', '<item>', 213, 0)
('action', '<action name=Execute>', 214, 0)
('execute', '<execute>', 215, 0)
('item', '<item>', 220, 0)
('action', '<action name=Execute>', 221, 0)
('execute', '<execute>', 222, 0)
('separator', '<separator>', 228, 0)
('menu', '<menu id=places>', 229, 0)
('menu', '<menu id=apps-menu>', 230, 0)
('separator', '<separator>', 231, 0)
('menu', '<menu id=settings>', 232, 0)
('menu', '<menu id=settings-162352>', 233, 0)
('item', '<item>', 234, 0)
('action', '<action name=Execute>', 235, 0)
('execute', '<execute>', 236, 0)
('item', '<item>', 241, 0)
('action', '<action name=Execute>', 242, 0)
('execute', '<execute>', 243, 0)
('item', '<item>', 248, 0)
('action', '<action name=Execute>', 249, 0)
('execute', '<execute>', 250, 0)
('item', '<item>', 255, 0)
('action', '<action name=Execute>', 256, 0)
('execute', '<execute>', 257, 0)
('menu', '<menu id=conkyconfig>', 263, 0)
('item', '<item>', 264, 0)
('action', '<action name=Execute>', 265, 0)
('execute', '<execute>', 266, 0)
('item', '<item>', 271, 0)
('action', '<action name=Execute>', 272, 0)
('execute', '<execute>', 273, 0)
('menu', '<menu id=obConfig>', 279, 0)
('item', '<item>', 280, 0)
('action', '<action name=Execute>', 281, 0)
('execute', '<execute>', 282, 0)
('item', '<item>', 287, 0)
('action', '<action name=Execute>', 288, 0)
('execute', '<execute>', 289, 0)
('item', '<item>', 294, 0)
('action', '<action name=Execute>', 295, 0)
('execute', '<execute>', 296, 0)
('item', '<item>', 301, 0)
('action', '<action name=Execute>', 302, 0)
('execute', '<execute>', 303, 0)
('item', '<item>', 308, 0)
('action', '<action name=Reconfigure>', 309, 0)
('item', '<item>', 311, 0)
('action', '<action name=Restart>', 312, 0)
('menu', '<menu id=settings-15157>', 315, 0)
('item', '<item>', 316, 0)
('action', '<action name=Execute>', 317, 0)
('execute', '<execute>', 318, 0)
('item', '<item>', 323, 0)
('action', '<action name=Execute>', 324, 0)
('execute', '<execute>', 325, 0)
('item', '<item>', 331, 0)
('action', '<action name=Execute>', 332, 0)
('execute', '<execute>', 333, 0)
('item', '<item>', 338, 0)
('action', '<action name=Execute>', 339, 0)
('execute', '<execute>', 340, 0)
('item', '<item>', 345, 0)
('action', '<action name=Execute>', 346, 0)
('execute', '<execute>', 347, 0)
('item', '<item>', 352, 0)
('action', '<action name=Execute>', 353, 0)
('execute', '<execute>', 354, 0)
('item', '<item>', 359, 0)
('action', '<action name=Execute>', 360, 0)
('execute', '<execute>', 361, 0)
('separator', '<separator>', 367, 0)
('item', '<item>', 368, 0)
('action', '<action name=Execute>', 369, 0)
('execute', '<execute>', 370, 0)
Gtk-Message: (for origin information, set GTK_DEBUG): failed to retrieve property `gtk-enable-event-sounds' of type `gboolean' from rc file value "((GString*) 0x98a37d0)" of type `gboolean'
Gtk-Message: (for origin information, set GTK_DEBUG): failed to retrieve property `gtk-enable-input-feedback-sounds' of type `gboolean' from rc file value "((GString*) 0x98a3790)" of type `gboolean'

(gedit:22404): Gtk-WARNING **: Unable to locate theme engine in module_path: "pixmap",

(gedit:22404): Gtk-WARNING **: Unable to locate theme engine in module_path: "pixmap",

(gedit:22404): Gtk-WARNING **: Unable to locate theme engine in module_path: "pixmap",

(gedit:22404): Gtk-WARNING **: Unable to locate theme engine in module_path: "pixmap",

(gedit:22404): Gtk-WARNING **: Unable to locate theme engine in module_path: "pixmap",

(gedit:22404): Gtk-WARNING **: Unable to locate theme engine in module_path: "pixmap",

(gedit:22404): Gtk-WARNING **: Unable to locate theme engine in module_path: "pixmap",

(gedit:22404): Gtk-WARNING **: Unable to locate theme engine in module_path: "pixmap",

(gedit:22404): Gtk-WARNING **: Unable to locate theme engine in module_path: "pixmap",

(gedit:22404): Gtk-WARNING **: Unable to locate theme engine in module_path: "pixmap",

(gedit:22404): Gtk-WARNING **: Unable to locate theme engine in module_path: "pixmap",

(gedit:22404): Gtk-WARNING **: Unable to locate theme engine in module_path: "pixmap",
Gtk-Message: (for origin information, set GTK_DEBUG): failed to retrieve property `gtk-menu-images' of type `gboolean' from rc file value "((GString*) 0x98a3860)" of type `gboolean'

(main.py:17172): Wnck-WARNING **: Unhandled action type _OB_WM_ACTION_UNDECORATE
('openbox_config', '<openbox_config>', 1, 0)
('resistance', '<resistance>', 2, 0)
('strength', '<strength>', 3, 0)
('screen_edge_strength', '<screen_edge_strength>', 4, 0)
('focus', '<focus>', 6, 0)
('focusnew', '<focusnew>', 7, 0)
('followmouse', '<followmouse>', 10, 0)
('focuslast', '<focuslast>', 12, 0)
('undermouse', '<undermouse>', 15, 0)
('focusdelay', '<focusdelay>', 17, 0)
('raiseonfocus', '<raiseonfocus>', 20, 0)
('placement', '<placement>', 24, 0)
('policy', '<policy>', 25, 0)
('center', '<center>', 27, 0)
('monitor', '<monitor>', 30, 0)
('primarymonitor', '<primarymonitor>', 34, 0)
('theme', '<theme>', 41, 0)
('name', '<name>', 42, 0)
('titlelayout', '<titlelayout>', 43, 0)
('keepborder', '<keepborder>', 54, 0)
('animateiconify', '<animateiconify>', 55, 0)
('font', '<font>', 56, 0)
('name', '<name>', 57, 0)
('size', '<size>', 58, 0)
('weight', '<weight>', 60, 0)
('slant', '<slant>', 62, 0)
('font', '<font>', 65, 0)
('name', '<name>', 66, 0)
('size', '<size>', 67, 0)
('weight', '<weight>', 69, 0)
('slant', '<slant>', 71, 0)
('font', '<font>', 74, 0)
('name', '<name>', 75, 0)
('size', '<size>', 76, 0)
('weight', '<weight>', 78, 0)
('slant', '<slant>', 80, 0)
('font', '<font>', 83, 0)
('name', '<name>', 84, 0)
('size', '<size>', 85, 0)
('weight', '<weight>', 87, 0)
('slant', '<slant>', 89, 0)
('font', '<font>', 92, 0)
('name', '<name>', 93, 0)
('size', '<size>', 94, 0)
('weight', '<weight>', 96, 0)
('slant', '<slant>', 98, 0)
('desktops', '<desktops>', 102, 0)
('number', '<number>', 111, 0)
('firstdesk', '<firstdesk>', 112, 0)
('names', '<names>', 113, 0)
('popuptime', '<popuptime>', 119, 0)
('resize', '<resize>', 123, 0)
('drawcontents', '<drawcontents>', 124, 0)
('popupshow', '<popupshow>', 125, 0)
('popupposition', '<popupposition>', 127, 0)
('popupfixedposition', '<popupfixedposition>', 129, 0)
('x', '<x>', 131, 0)
('y', '<y>', 134, 0)
('margins', '<margins>', 143, 0)
('top', '<top>', 144, 0)
('bottom', '<bottom>', 145, 0)
('left', '<left>', 146, 0)
('right', '<right>', 147, 0)
('dock', '<dock>', 149, 0)
('position', '<position>', 150, 0)
('floatingx', '<floatingx>', 152, 0)
('floatingy', '<floatingy>', 153, 0)
('nostrut', '<nostrut>', 154, 0)
('stacking', '<stacking>', 155, 0)
('direction', '<direction>', 157, 0)
('autohide', '<autohide>', 159, 0)
('hidedelay', '<hidedelay>', 160, 0)
('showdelay', '<showdelay>', 162, 0)
('movebutton', '<movebutton>', 164, 0)
('keyboard', '<keyboard>', 167, 0)
('chainquitkey', '<chainquitkey>', 168, 0)
('keybind', '<keybind>', 169, 0)
('action', '<action name=DesktopLeft>', 170, 0)
('wrap', '<wrap>', 171, 0)
('keybind', '<keybind>', 174, 0)
('action', '<action name=DesktopRight>', 175, 0)
('wrap', '<wrap>', 176, 0)
('keybind', '<keybind>', 179, 0)
('action', '<action name=DesktopUp>', 180, 0)
('wrap', '<wrap>', 181, 0)
('keybind', '<keybind>', 184, 0)
('action', '<action name=DesktopDown>', 185, 0)
('wrap', '<wrap>', 186, 0)
('keybind', '<keybind>', 189, 0)
('action', '<action name=SendToDesktopLeft>', 190, 0)
('wrap', '<wrap>', 191, 0)
('keybind', '<keybind>', 194, 0)
('action', '<action name=SendToDesktopRight>', 195, 0)
('wrap', '<wrap>', 196, 0)
('keybind', '<keybind>', 199, 0)
('action', '<action name=SendToDesktopUp>', 200, 0)
('wrap', '<wrap>', 201, 0)
('keybind', '<keybind>', 204, 0)
('action', '<action name=SendToDesktopDown>', 205, 0)
('wrap', '<wrap>', 206, 0)
('keybind', '<keybind>', 209, 0)
('action', '<action name=Desktop>', 210, 0)
('keybind', '<keybind>', 212, 0)
('action', '<action name=Desktop>', 213, 0)
('desktop', '<desktop>', 214, 0)
('keybind', '<keybind>', 217, 0)
('action', '<action name=Desktop>', 218, 0)
('desktop', '<desktop>', 219, 0)
('keybind', '<keybind>', 222, 0)
('action', '<action name=Desktop>', 223, 0)
('desktop', '<desktop>', 224, 0)
('keybind', '<keybind>', 227, 0)
('action', '<action name=ToggleShowDesktop>', 228, 0)
('keybind', '<keybind>', 230, 0)
('action', '<action name=Close>', 231, 0)
('keybind', '<keybind>', 233, 0)
('action', '<action name=Execute>', 234, 0)
('command', '<command>', 235, 0)
('startupnotify', '<startupnotify>', 236, 0)
('enabled', '<enabled>', 237, 0)
('name', '<name>', 238, 0)
('keybind', '<keybind>', 242, 0)
('action', '<action name=Execute>', 243, 0)
('command', '<command>', 244, 0)
('startupnotify', '<startupnotify>', 245, 0)
('enabled', '<enabled>', 246, 0)
('name', '<name>', 247, 0)
('keybind', '<keybind>', 251, 0)
('action', '<action name=Lower>', 252, 0)
('action', '<action name=FocusToBottom>', 253, 0)
('action', '<action name=Unfocus>', 254, 0)
('keybind', '<keybind>', 256, 0)
('action', '<action name=ShowMenu>', 257, 0)
('menu', '<menu>', 258, 0)
('openbox_config', '<openbox_config>', 1, 0)
('resistance', '<resistance>', 2, 0)
('strength', '<strength>', 3, 0)
('screen_edge_strength', '<screen_edge_strength>', 4, 0)
('focus', '<focus>', 6, 0)
('focusnew', '<focusnew>', 7, 0)
('followmouse', '<followmouse>', 10, 0)
('focuslast', '<focuslast>', 12, 0)
('undermouse', '<undermouse>', 15, 0)
('focusdelay', '<focusdelay>', 17, 0)
('raiseonfocus', '<raiseonfocus>', 20, 0)
('placement', '<placement>', 24, 0)
('policy', '<policy>', 25, 0)
('center', '<center>', 27, 0)
('monitor', '<monitor>', 30, 0)
('primarymonitor', '<primarymonitor>', 34, 0)
('theme', '<theme>', 41, 0)
('name', '<name>', 42, 0)
('titlelayout', '<titlelayout>', 43, 0)
('keepborder', '<keepborder>', 54, 0)
('animateiconify', '<animateiconify>', 55, 0)
('font', '<font>', 56, 0)
('name', '<name>', 57, 0)
('size', '<size>', 58, 0)
('weight', '<weight>', 60, 0)
('slant', '<slant>', 62, 0)
('font', '<font>', 65, 0)
('name', '<name>', 66, 0)
('size', '<size>', 67, 0)
('weight', '<weight>', 69, 0)
('slant', '<slant>', 71, 0)
('font', '<font>', 74, 0)
('name', '<name>', 75, 0)
('size', '<size>', 76, 0)
('weight', '<weight>', 78, 0)
('slant', '<slant>', 80, 0)
('font', '<font>', 83, 0)
('name', '<name>', 84, 0)
('size', '<size>', 85, 0)
('weight', '<weight>', 87, 0)
('slant', '<slant>', 89, 0)
('font', '<font>', 92, 0)
('name', '<name>', 93, 0)
('size', '<size>', 94, 0)
('weight', '<weight>', 96, 0)
('slant', '<slant>', 98, 0)
('desktops', '<desktops>', 102, 0)
('number', '<number>', 111, 0)
('firstdesk', '<firstdesk>', 112, 0)
('names', '<names>', 113, 0)
('popuptime', '<popuptime>', 119, 0)
('resize', '<resize>', 123, 0)
('drawcontents', '<drawcontents>', 124, 0)
('popupshow', '<popupshow>', 125, 0)
('popupposition', '<popupposition>', 127, 0)
('popupfixedposition', '<popupfixedposition>', 129, 0)
('x', '<x>', 131, 0)
('y', '<y>', 134, 0)
('margins', '<margins>', 143, 0)
('top', '<top>', 144, 0)
('bottom', '<bottom>', 145, 0)
('left', '<left>', 146, 0)
('right', '<right>', 147, 0)
('dock', '<dock>', 149, 0)
('position', '<position>', 150, 0)
('floatingx', '<floatingx>', 152, 0)
('floatingy', '<floatingy>', 153, 0)
('nostrut', '<nostrut>', 154, 0)
('stacking', '<stacking>', 155, 0)
('direction', '<direction>', 157, 0)
('autohide', '<autohide>', 159, 0)
('hidedelay', '<hidedelay>', 160, 0)
('showdelay', '<showdelay>', 162, 0)
('movebutton', '<movebutton>', 164, 0)
('keyboard', '<keyboard>', 167, 0)
('chainquitkey', '<chainquitkey>', 168, 0)
('keybind', '<keybind>', 169, 0)
('action', '<action name=DesktopLeft>', 170, 0)
('wrap', '<wrap>', 171, 0)
('keybind', '<keybind>', 174, 0)
('action', '<action name=DesktopRight>', 175, 0)
('wrap', '<wrap>', 176, 0)
('keybind', '<keybind>', 179, 0)
('action', '<action name=DesktopUp>', 180, 0)
('wrap', '<wrap>', 181, 0)
('keybind', '<keybind>', 184, 0)
('action', '<action name=DesktopDown>', 185, 0)
('wrap', '<wrap>', 186, 0)
('keybind', '<keybind>', 189, 0)
('action', '<action name=SendToDesktopLeft>', 190, 0)
('wrap', '<wrap>', 191, 0)
('keybind', '<keybind>', 194, 0)
('action', '<action name=SendToDesktopRight>', 195, 0)
('wrap', '<wrap>', 196, 0)
('keybind', '<keybind>', 199, 0)
('action', '<action name=SendToDesktopUp>', 200, 0)
('wrap', '<wrap>', 201, 0)
('keybind', '<keybind>', 204, 0)
('action', '<action name=SendToDesktopDown>', 205, 0)
('wrap', '<wrap>', 206, 0)
('keybind', '<keybind>', 209, 0)
('action', '<action name=Desktop>', 210, 0)
('keybind', '<keybind>', 212, 0)
('action', '<action name=Desktop>', 213, 0)
('desktop', '<desktop>', 214, 0)
('keybind', '<keybind>', 217, 0)
('action', '<action name=Desktop>', 218, 0)
('desktop', '<desktop>', 219, 0)
('keybind', '<keybind>', 222, 0)
('action', '<action name=Desktop>', 223, 0)
('desktop', '<desktop>', 224, 0)
('keybind', '<keybind>', 227, 0)
('action', '<action name=ToggleShowDesktop>', 228, 0)
('keybind', '<keybind>', 230, 0)
('action', '<action name=Close>', 231, 0)
('keybind', '<keybind>', 233, 0)
('action', '<action name=Execute>', 234, 0)
('command', '<command>', 235, 0)
('startupnotify', '<startupnotify>', 236, 0)
('enabled', '<enabled>', 237, 0)
('name', '<name>', 238, 0)
('keybind', '<keybind>', 242, 0)
('action', '<action name=Execute>', 243, 0)
('command', '<command>', 244, 0)
('startupnotify', '<startupnotify>', 245, 0)
('enabled', '<enabled>', 246, 0)
('name', '<name>', 247, 0)
('keybind', '<keybind>', 251, 0)
('action', '<action name=Lower>', 252, 0)
('action', '<action name=FocusToBottom>', 253, 0)
('action', '<action name=Unfocus>', 254, 0)
('keybind', '<keybind>', 256, 0)
('action', '<action name=ShowMenu>', 257, 0)
('menu', '<menu>', 258, 0)
('keybind', '<keybind>', 261, 0)
('action', '<action name=NextWindow>', 262, 0)
('keybind', '<keybind>', 264, 0)
('action', '<action name=PreviousWindow>', 265, 0)
('keybind', '<keybind>', 267, 0)
('action', '<action name=NextWindow>', 268, 0)
('panels', '<panels>', 269, 0)
('desktop', '<desktop>', 270, 0)
('keybind', '<keybind>', 273, 0)
('action', '<action name=Execute>', 274, 0)
('command', '<command>', 275, 0)
('startupnotify', '<startupnotify>', 276, 0)
('enabled', '<enabled>', 277, 0)
('name', '<name>', 278, 0)
('keybind', '<keybind>', 282, 0)
('action', '<action name=Execute>', 283, 0)
('command', '<command>', 284, 0)
('startupnotify', '<startupnotify>', 285, 0)
('enabled', '<enabled>', 286, 0)
('name', '<name>', 287, 0)
('keybind', '<keybind>', 291, 0)
('action', '<action name=Execute>', 292, 0)
('command', '<command>', 293, 0)
('startupnotify', '<startupnotify>', 294, 0)
('enabled', '<enabled>', 295, 0)
('name', '<name>', 296, 0)
('keybind', '<keybind>', 300, 0)
('action', '<action name=Execute>', 301, 0)
('command', '<command>', 302, 0)
('startupnotify', '<startupnotify>', 303, 0)
('enabled', '<enabled>', 304, 0)
('name', '<name>', 305, 0)
('keybind', '<keybind>', 309, 0)
('action', '<action name=Execute>', 310, 0)
('command', '<command>', 311, 0)
('startupnotify', '<startupnotify>', 312, 0)
('enabled', '<enabled>', 313, 0)
('name', '<name>', 314, 0)
('keybind', '<keybind>', 318, 0)
('action', '<action name=ToggleMaximizeVert>', 319, 0)
('keybind', '<keybind>', 321, 0)
('action', '<action name=Execute>', 322, 0)
('command', '<command>', 323, 0)
('startupnotify', '<startupnotify>', 324, 0)
('enabled', '<enabled>', 325, 0)
('name', '<name>', 326, 0)
('keybind', '<keybind>', 330, 0)
('action', '<action name=Execute>', 331, 0)
('command', '<command>', 332, 0)
('startupnotify', '<startupnotify>', 333, 0)
('enabled', '<enabled>', 334, 0)
('name', '<name>', 335, 0)
('keybind', '<keybind>', 339, 0)
('action', '<action name=Execute>', 340, 0)
('command', '<command>', 341, 0)
('startupnotify', '<startupnotify>', 342, 0)
('enabled', '<enabled>', 343, 0)
('name', '<name>', 344, 0)
('keybind', '<keybind>', 348, 0)
('action', '<action name=Execute>', 349, 0)
('command', '<command>', 350, 0)
('startupnotify', '<startupnotify>', 351, 0)
('enabled', '<enabled>', 352, 0)
('name', '<name>', 353, 0)
('keybind', '<keybind>', 357, 0)
('action', '<action name=Execute>', 358, 0)
('command', '<command>', 359, 0)
('startupnotify', '<startupnotify>', 360, 0)
('enabled', '<enabled>', 361, 0)
('name', '<name>', 362, 0)
('keybind', '<keybind>', 366, 0)
('action', '<action name=ShowMenu>', 367, 0)
('menu', '<menu>', 368, 0)
('keybind', '<keybind>', 371, 0)
('action', '<action name=ToggleMaximizeFull>', 372, 0)
('keybind', '<keybind>', 374, 0)
('action', '<action name=MoveToEdgeEast>', 375, 0)
('keybind', '<keybind>', 377, 0)
('action', '<action name=MoveToEdgeNorth>', 378, 0)
('keybind', '<keybind>', 380, 0)
('action', '<action name=MoveToEdgeWest>', 381, 0)
('keybind', '<keybind>', 383, 0)
('action', '<action name=MoveToEdgeSouth>', 384, 0)
('keybind', '<keybind>', 386, 0)
('action', '<action name=ToggleMaximizeHorz>', 387, 0)
('keybind', '<keybind>', 389, 0)
('action', '<action name=GrowToEdgeNorth>', 390, 0)
('keybind', '<keybind>', 392, 0)
('action', '<action name=GrowToEdgeEast>', 393, 0)
('keybind', '<keybind>', 395, 0)
('action', '<action name=GrowToEdgeSouth>', 396, 0)
('keybind', '<keybind>', 398, 0)
('action', '<action name=GrowToEdgeWest>', 399, 0)
('keybind', '<keybind>', 401, 0)
('action', '<action name=MoveToCenter>', 402, 0)
('keybind', '<keybind>', 404, 0)
('action', '<action name=DirectionalFocusNorth>', 405, 0)
('keybind', '<keybind>', 407, 0)
('action', '<action name=DirectionalFocusEast>', 408, 0)
('keybind', '<keybind>', 410, 0)
('action', '<action name=DirectionalFocusSouth>', 411, 0)
('keybind', '<keybind>', 413, 0)
('action', '<action name=DirectionalFocusWest>', 414, 0)
('mouse', '<mouse>', 417, 0)
('dragthreshold', '<dragthreshold>', 418, 0)
('doubleclicktime', '<doubleclicktime>', 420, 0)
('screenedgewarptime', '<screenedgewarptime>', 422, 0)
('context', '<context name=Frame>', 426, 0)
('mousebind', '<mousebind>', 427, 0)
('action', '<action name=Focus>', 428, 0)
('action', '<action name=Raise>', 429, 0)
('mousebind', '<mousebind>', 431, 0)
('action', '<action name=Unshade>', 432, 0)
('mousebind', '<mousebind>', 434, 0)
('action', '<action name=Move>', 435, 0)
('mousebind', '<mousebind>', 437, 0)
('action', '<action name=Focus>', 438, 0)
('action', '<action name=Raise>', 439, 0)
('action', '<action name=Unshade>', 440, 0)
('mousebind', '<mousebind>', 442, 0)
('action', '<action name=Resize>', 443, 0)
('mousebind', '<mousebind>', 445, 0)
('action', '<action name=Lower>', 446, 0)
('action', '<action name=FocusToBottom>', 447, 0)
('action', '<action name=Unfocus>', 448, 0)
('mousebind', '<mousebind>', 450, 0)
('action', '<action name=DesktopPrevious>', 451, 0)
('mousebind', '<mousebind>', 453, 0)
('action', '<action name=DesktopNext>', 454, 0)
('mousebind', '<mousebind>', 456, 0)
('action', '<action name=DesktopPrevious>', 457, 0)
('mousebind', '<mousebind>', 459, 0)
('action', '<action name=DesktopNext>', 460, 0)
('mousebind', '<mousebind>', 462, 0)
('action', '<action name=SendToDesktopPrevious>', 463, 0)
('mousebind', '<mousebind>', 465, 0)
('action', '<action name=SendToDesktopNext>', 466, 0)
('context', '<context name=Titlebar>', 469, 0)
('mousebind', '<mousebind>', 470, 0)
('action', '<action name=Focus>', 471, 0)
('action', '<action name=Raise>', 472, 0)
('mousebind', '<mousebind>', 474, 0)
('action', '<action name=Move>', 475, 0)
('mousebind', '<mousebind>', 477, 0)
('action', '<action name=ToggleMaximizeFull>', 478, 0)
('mousebind', '<mousebind>', 480, 0)
('action', '<action name=Lower>', 481, 0)
('action', '<action name=FocusToBottom>', 482, 0)
('action', '<action name=Unfocus>', 483, 0)
('mousebind', '<mousebind>', 485, 0)
('action', '<action name=Shade>', 486, 0)
('action', '<action name=FocusToBottom>', 487, 0)
('action', '<action name=Unfocus>', 488, 0)
('action', '<action name=Lower>', 489, 0)
('mousebind', '<mousebind>', 491, 0)
('action', '<action name=Unshade>', 492, 0)
('action', '<action name=Raise>', 493, 0)
('mousebind', '<mousebind>', 495, 0)
('action', '<action name=Focus>', 496, 0)
('action', '<action name=Raise>', 497, 0)
('action', '<action name=ShowMenu>', 498, 0)
('menu', '<menu>', 499, 0)
('context', '<context name=Top>', 503, 0)
('mousebind', '<mousebind>', 504, 0)
('action', '<action name=Focus>', 505, 0)
('action', '<action name=Raise>', 506, 0)
('action', '<action name=Unshade>', 507, 0)
('mousebind', '<mousebind>', 509, 0)
('action', '<action name=Resize>', 510, 0)
('edge', '<edge>', 511, 0)
('context', '<context name=Left>', 515, 0)
('mousebind', '<mousebind>', 516, 0)
('action', '<action name=Focus>', 517, 0)
('action', '<action name=Raise>', 518, 0)
('mousebind', '<mousebind>', 520, 0)
('action', '<action name=Resize>', 521, 0)
('edge', '<edge>', 522, 0)
('mousebind', '<mousebind>', 525, 0)
('action', '<action name=Focus>', 526, 0)
('action', '<action name=Raise>', 527, 0)
('action', '<action name=ShowMenu>', 528, 0)
('menu', '<menu>', 529, 0)
('context', '<context name=Right>', 533, 0)
('mousebind', '<mousebind>', 534, 0)
('action', '<action name=Focus>', 535, 0)
('action', '<action name=Raise>', 536, 0)
('mousebind', '<mousebind>', 538, 0)
('action', '<action name=Resize>', 539, 0)
('edge', '<edge>', 540, 0)
('mousebind', '<mousebind>', 543, 0)
('action', '<action name=Focus>', 544, 0)
('action', '<action name=Raise>', 545, 0)
('action', '<action name=ShowMenu>', 546, 0)
('menu', '<menu>', 547, 0)
('context', '<context name=Bottom>', 551, 0)
('mousebind', '<mousebind>', 552, 0)
('action', '<action name=Focus>', 553, 0)
('action', '<action name=Raise>', 554, 0)
('mousebind', '<mousebind>', 556, 0)
('action', '<action name=Resize>', 557, 0)
('edge', '<edge>', 558, 0)
('mousebind', '<mousebind>', 561, 0)
('action', '<action name=Lower>', 562, 0)
('action', '<action name=FocusToBottom>', 563, 0)
('action', '<action name=Unfocus>', 564, 0)
('mousebind', '<mousebind>', 566, 0)
('action', '<action name=Focus>', 567, 0)
('action', '<action name=Raise>', 568, 0)
('action', '<action name=ShowMenu>', 569, 0)
('menu', '<menu>', 570, 0)
('context', '<context name=BLCorner>', 574, 0)
('mousebind', '<mousebind>', 575, 0)
('action', '<action name=Focus>', 576, 0)
('action', '<action name=Raise>', 577, 0)
('mousebind', '<mousebind>', 579, 0)
('action', '<action name=Resize>', 580, 0)
('context', '<context name=BRCorner>', 583, 0)
('mousebind', '<mousebind>', 584, 0)
('action', '<action name=Focus>', 585, 0)
('action', '<action name=Raise>', 586, 0)
('mousebind', '<mousebind>', 588, 0)
('action', '<action name=Resize>', 589, 0)
('context', '<context name=TLCorner>', 592, 0)
('mousebind', '<mousebind>', 593, 0)
('action', '<action name=Focus>', 594, 0)
('action', '<action name=Raise>', 595, 0)
('action', '<action name=Unshade>', 596, 0)
('mousebind', '<mousebind>', 598, 0)
('action', '<action name=Resize>', 599, 0)
('context', '<context name=TRCorner>', 602, 0)
('mousebind', '<mousebind>', 603, 0)
('action', '<action name=Focus>', 604, 0)
('action', '<action name=Raise>', 605, 0)
('action', '<action name=Unshade>', 606, 0)
('mousebind', '<mousebind>', 608, 0)
('action', '<action name=Resize>', 609, 0)
('context', '<context name=Client>', 612, 0)
('mousebind', '<mousebind>', 613, 0)
('action', '<action name=Focus>', 614, 0)
('action', '<action name=Raise>', 615, 0)
('mousebind', '<mousebind>', 617, 0)
('action', '<action name=Focus>', 618, 0)
('action', '<action name=Raise>', 619, 0)
('mousebind', '<mousebind>', 621, 0)
('action', '<action name=Focus>', 622, 0)
('action', '<action name=Raise>', 623, 0)
('context', '<context name=Icon>', 626, 0)
('mousebind', '<mousebind>', 627, 0)
('action', '<action name=Focus>', 628, 0)
('action', '<action name=Raise>', 629, 0)
('action', '<action name=Unshade>', 630, 0)
('action', '<action name=ShowMenu>', 631, 0)
('menu', '<menu>', 632, 0)
('mousebind', '<mousebind>', 635, 0)
('action', '<action name=Focus>', 636, 0)
('action', '<action name=Raise>', 637, 0)
('action', '<action name=ShowMenu>', 638, 0)
('menu', '<menu>', 639, 0)
('context', '<context name=AllDesktops>', 643, 0)
('mousebind', '<mousebind>', 644, 0)
('action', '<action name=Focus>', 645, 0)
('action', '<action name=Raise>', 646, 0)
('action', '<action name=Unshade>', 647, 0)
('mousebind', '<mousebind>', 649, 0)
('action', '<action name=ToggleOmnipresent>', 650, 0)
('context', '<context name=Shade>', 653, 0)
('mousebind', '<mousebind>', 654, 0)
('action', '<action name=Focus>', 655, 0)
('action', '<action name=Raise>', 656, 0)
('mousebind', '<mousebind>', 658, 0)
('action', '<action name=ToggleShade>', 659, 0)
('context', '<context name=Iconify>', 662, 0)
('mousebind', '<mousebind>', 663, 0)
('action', '<action name=Focus>', 664, 0)
('action', '<action name=Raise>', 665, 0)
('mousebind', '<mousebind>', 667, 0)
('action', '<action name=Iconify>', 668, 0)
('context', '<context name=Maximize>', 671, 0)
('mousebind', '<mousebind>', 672, 0)
('ac
(main.py:17172): Wnck-WARNING **: Unhandled action type _OB_WM_ACTION_UNDECORATE
tion', '<action name=Focus>', 673, 0)
('action', '<action name=Raise>', 674, 0)
('action', '<action name=Unshade>', 675, 0)
('mousebind', '<mousebind>', 677, 0)
('action', '<action name=Focus>', 678, 0)
('action', '<action name=Raise>', 679, 0)
('action', '<action name=Unshade>', 680, 0)
('mousebind', '<mousebind>', 682, 0)
('action', '<action name=Focus>', 683, 0)
('action', '<action name=Raise>', 684, 0)
('action', '<action name=Unshade>', 685, 0)
('mousebind', '<mousebind>', 687, 0)
('action', '<action name=ToggleMaximizeFull>', 688, 0)
('mousebind', '<mousebind>', 690, 0)
('action', '<action name=ToggleMaximizeVert>', 691, 0)
('mousebind', '<mousebind>', 693, 0)
('action', '<action name=ToggleMaximizeHorz>', 694, 0)
('context', '<context name=Close>', 697, 0)
('mousebind', '<mousebind>', 698, 0)
('action', '<action name=Focus>', 699, 0)
('action', '<action name=Raise>', 700, 0)
('action', '<action name=Unshade>', 701, 0)
('mousebind', '<mousebind>', 703, 0)
('action', '<action name=Close>', 704, 0)
('context', '<context name=Desktop>', 707, 0)
('mousebind', '<mousebind>', 708, 0)
('action', '<action name=DesktopPrevious>', 709, 0)
('mousebind', '<mousebind>', 711, 0)
('action', '<action name=DesktopNext>', 712, 0)
('mousebind', '<mousebind>', 714, 0)
('action', '<action name=DesktopPrevious>', 715, 0)
('mousebind', '<mousebind>', 717, 0)
('action', '<action name=DesktopNext>', 718, 0)
('mousebind', '<mousebind>', 720, 0)
('action', '<action name=DesktopPrevious>', 721, 0)
('mousebind', '<mousebind>', 723, 0)
('action', '<action name=DesktopNext>', 724, 0)
('mousebind', '<mousebind>', 726, 0)
('action', '<action name=Focus>', 727, 0)
('action', '<action name=Raise>', 728, 0)
('mousebind', '<mousebind>', 730, 0)
('action', '<action name=Focus>', 731, 0)
('action', '<action name=Raise>', 732, 0)
('context', '<context name=Root>', 735, 0)
('mousebind', '<mousebind>', 737, 0)
('action', '<action name=ShowMenu>', 738, 0)
('menu', '<menu>', 739, 0)
('mousebind', '<mousebind>', 742, 0)
('action', '<action name=ShowMenu>', 743, 0)
('menu', '<menu>', 744, 0)
('context', '<context name=MoveResize>', 748, 0)
('mousebind', '<mousebind>', 749, 0)
('action', '<action name=DesktopPrevious>', 750, 0)
('mousebind', '<mousebind>', 752, 0)
('action', '<action name=DesktopNext>', 753, 0)
('mousebind', '<mousebind>', 755, 0)
('action', '<action name=DesktopPrevious>', 756, 0)
('mousebind', '<mousebind>', 758, 0)
('action', '<action name=DesktopNext>', 759, 0)
('menu', '<menu>', 763, 0)
('file', '<file>', 764, 0)
('hidedelay', '<hidedelay>', 764, 0)
('middle', '<middle>', 765, 0)
('submenushowdelay', '<submenushowdelay>', 765, 0)
('submenuhidedelay', '<submenuhidedelay>', 768, 0)
('applicationicons', '<applicationicons>', 772, 0)
('managedesktops', '<managedesktops>', 774, 0)
('applications', '<applications>', 777, 0)

(main.py:17172): Wnck-WARNING **: Unhandled action type _OB_WM_ACTION_UNDECORATE

(main.py:17172): Wnck-WARNING **: Unhandled action type _OB_WM_ACTION_UNDECORATE
Gtk-Message: (for origin information, set GTK_DEBUG): failed to retrieve property `gtk-enable-event-sounds' of type `gboolean' from rc file value "((GString*) 0x84157d0)" of type `gboolean'
Gtk-Message: (for origin information, set GTK_DEBUG): failed to retrieve property `gtk-enable-input-feedback-sounds' of type `gboolean' from rc file value "((GString*) 0x8415790)" of type `gboolean'

(gedit:22437): Gtk-WARNING **: Unable to locate theme engine in module_path: "pixmap",

(gedit:22437): Gtk-WARNING **: Unable to locate theme engine in module_path: "pixmap",

(gedit:22437): Gtk-WARNING **: Unable to locate theme engine in module_path: "pixmap",

(gedit:22437): Gtk-WARNING **: Unable to locate theme engine in module_path: "pixmap",

(gedit:22437): Gtk-WARNING **: Unable to locate theme engine in module_path: "pixmap",

(gedit:22437): Gtk-WARNING **: Unable to locate theme engine in module_path: "pixmap",

(gedit:22437): Gtk-WARNING **: Unable to locate theme engine in module_path: "pixmap",

(gedit:22437): Gtk-WARNING **: Unable to locate theme engine in module_path: "pixmap",

(gedit:22437): Gtk-WARNING **: Unable to locate theme engine in module_path: "pixmap",

(gedit:22437): Gtk-WARNING **: Unable to locate theme engine in module_path: "pixmap",

(gedit:22437): Gtk-WARNING **: Unable to locate theme engine in module_path: "pixmap",

(gedit:22437): Gtk-WARNING **: Unable to locate theme engine in module_path: "pixmap",
Gtk-Message: (for origin information, set GTK_DEBUG): failed to retrieve property `gtk-menu-images' of type `gboolean' from rc file value "((GString*) 0x8415860)" of type `gboolean'

(main.py:17172): Wnck-WARNING **: Unhandled action type _OB_WM_ACTION_UNDECORATE

(main.py:17172): Wnck-WARNING **: Unhandled action type _OB_WM_ACTION_UNDECORATE

(main.py:17172): Wnck-WARNING **: Unhandled action type _OB_WM_ACTION_UNDECORATE

(main.py:17172): Wnck-WARNING **: Unhandled action type _OB_WM_ACTION_UNDECORATE
-1
command: ctags -n -f /tmp/tmpHRQrQQ /home/hur1can3/Dropbox/dotfiles/.config/openbox/autostart.*
-1
command: ctags -n -f /tmp/tmpk3qxco /home/hur1can3/Dropbox/dotfiles/.config/openbox/autostart.*
-1
command: ctags -n -f /tmp/tmpUKxVSR /home/hur1can3/Dropbox/dotfiles/.config/openbox/autostart.*
This script accepts the following arguments : set, setshaded, setshadowshade, unset
This script accepts the following arguments : set, setshaded, setshadowshade, unset
This script accepts the following arguments : set, setshaded, setshadowshade, unset
/usr/bin/env: python: No such file or directory
/usr/bin/env: python: No such file or directory
This script accepts the following arguments : set, setshaded, setshadowshade, unset

(main.py:17172): Wnck-WARNING **: Unhandled action type _OB_WM_ACTION_UNDECORATE
** (pcmanfm:22236): DEBUG: total number of files to delete: 130

(main.py:17172): Wnck-WARNING **: Unhandled action type _OB_WM_ACTION_UNDECORATE
** (pcmanfm:22236): DEBUG: total number of files to delete: 312

(main.py:17172): Wnck-WARNING **: Unhandled action type _OB_WM_ACTION_UNDECORATE

(main.py:17172): Wnck-WARNING **: Unhandled action type _OB_WM_ACTION_UNDECORATE
Gtk-Message: (for origin information, set GTK_DEBUG): failed to retrieve property `gtk-enable-event-sounds' of type `gboolean' from rc file value "((GString*) 0x8bab7d0)" of type `gboolean'
Gtk-Message: (for origin information, set GTK_DEBUG): failed to retrieve property `gtk-enable-input-feedback-sounds' of type `gboolean' from rc file value "((GString*) 0x8bab790)" of type `gboolean'

(gedit:22529): Gtk-WARNING **: Unable to locate theme engine in module_path: "pixmap",

(gedit:22529): Gtk-WARNING **: Unable to locate theme engine in module_path: "pixmap",

(gedit:22529): Gtk-WARNING **: Unable to locate theme engine in module_path: "pixmap",

(gedit:22529): Gtk-WARNING **: Unable to locate theme engine in module_path: "pixmap",

(gedit:22529): Gtk-WARNING **: Unable to locate theme engine in module_path: "pixmap",

(gedit:22529): Gtk-WARNING **: Unable to locate theme engine in module_path: "pixmap",

(gedit:22529): Gtk-WARNING **: Unable to locate theme engine in module_path: "pixmap",

(gedit:22529): Gtk-WARNING **: Unable to locate theme engine in module_path: "pixmap",

(gedit:22529): Gtk-WARNING **: Unable to locate theme engine in module_path: "pixmap",

(gedit:22529): Gtk-WARNING **: Unable to locate theme engine in module_path: "pixmap",

(gedit:22529): Gtk-WARNING **: Unable to locate theme engine in module_path: "pixmap",

(gedit:22529): Gtk-WARNING **: Unable to locate theme engine in module_path: "pixmap",
Gtk-Message: (for origin information, set GTK_DEBUG): failed to retrieve property `gtk-menu-images' of type `gboolean' from rc file value "((GString*) 0x8bab860)" of type `gboolean'

(main.py:17172): Wnck-WARNING **: Unhandled action type _OB_WM_ACTION_UNDECORATE

(main.py:17172): Wnck-WARNING **: Unhandled action type _OB_WM_ACTION_UNDECORATE

(main.py:17172): Wnck-WARNING **: Unhandled action type _OB_WM_ACTION_UNDECORATE

(main.py:17172): Wnck-WARNING **: Unhandled action type _OB_WM_ACTION_UNDECORATE

(main.py:17172): Wnck-WARNING **: Unhandled action type _OB_WM_ACTION_UNDECORATE

(main.py:17172): Wnck-WARNING **: Unhandled action type _OB_WM_ACTION_UNDECORATE
-1
command: ctags -n -f /tmp/tmpA8iqdb /home/hur1can3/Dropbox/dotfiles/.config/dconf/user

(main.py:17172): Wnck-WARNING **: Unhandled action type _OB_WM_ACTION_UNDECORATE
** (pcmanfm:22236): DEBUG: total number of files to delete: 2
** (pcmanfm:22236): DEBUG: gedit.desktop
Gtk-Message: (for origin information, set GTK_DEBUG): failed to retrieve property `gtk-enable-event-sounds' of type `gboolean' from rc file value "((GString*) 0x83e87d0)" of type `gboolean'
Gtk-Message: (for origin information, set GTK_DEBUG): failed to retrieve property `gtk-enable-input-feedback-sounds' of type `gboolean' from rc file value "((GString*) 0x83e8790)" of type `gboolean'

(gedit:22556): Gtk-WARNING **: Unable to locate theme engine in module_path: "pixmap",

(gedit:22556): Gtk-WARNING **: Unable to locate theme engine in module_path: "pixmap",

(gedit:22556): Gtk-WARNING **: Unable to locate theme engine in module_path: "pixmap",

(gedit:22556): Gtk-WARNING **: Unable to locate theme engine in module_path: "pixmap",

(gedit:22556): Gtk-WARNING **: Unable to locate theme engine in module_path: "pixmap",

(gedit:22556): Gtk-WARNING **: Unable to locate theme engine in module_path: "pixmap",

(gedit:22556): Gtk-WARNING **: Unable to locate theme engine in module_path: "pixmap",

(gedit:22556): Gtk-WARNING **: Unable to locate theme engine in module_path: "pixmap",

(gedit:22556): Gtk-WARNING **: Unable to locate theme engine in module_path: "pixmap",

(gedit:22556): Gtk-WARNING **: Unable to locate theme engine in module_path: "pixmap",

(gedit:22556): Gtk-WARNING **: Unable to locate theme engine in module_path: "pixmap",

(gedit:22556): Gtk-WARNING **: Unable to locate theme engine in module_path: "pixmap",
Gtk-Message: (for origin information, set GTK_DEBUG): failed to retrieve property `gtk-menu-images' of type `gboolean' from rc file value "((GString*) 0x83e8860)" of type `gboolean'

(main.py:17172): Wnck-WARNING **: Unhandled action type _OB_WM_ACTION_UNDECORATE

(main.py:17172): Wnck-WARNING **: Unhandled action type _OB_WM_ACTION_UNDECORATE

(main.py:17172): Wnck-WARNING **: Unhandled action type _OB_WM_ACTION_UNDECORATE
-1
command: ctags -n -f /tmp/tmpZgiq2t /home/hur1can3/Dropbox/dotfiles/.config/dmenu/dmenu-bind.*
-1
command: ctags -n -f /tmp/tmp5K0gXJ /home/hur1can3/Dropbox/dotfiles/.config/dmenu/dmenu-bind.*
-1
command: ctags -n -f /tmp/tmpRJEaRw /home/hur1can3/Dropbox/dotfiles/.config/dmenu/dmenu-bind.*

(main.py:17172): Wnck-WARNING **: Unhandled action type _OB_WM_ACTION_UNDECORATE
** (pcmanfm:22236): DEBUG: total number of files to delete: 8

(main.py:17172): Wnck-WARNING **: Unhandled action type _OB_WM_ACTION_UNDECORATE
** (pcmanfm:22236): DEBUG: total number of files to delete: 15

(main.py:17172): Wnck-WARNING **: Unhandled action type _OB_WM_ACTION_UNDECORATE
Gtk-Message: (for origin information, set GTK_DEBUG): failed to retrieve property `gtk-enable-event-sounds' of type `gboolean' from rc file value "((GString*) 0x91c9610)" of type `gboolean'
Gtk-Message: (for origin information, set GTK_DEBUG): failed to retrieve property `gtk-enable-input-feedback-sounds' of type `gboolean' from rc file value "((GString*) 0x91c9570)" of type `gboolean'

(pcmanfm:22637): Gtk-WARNING **: Unable to locate theme engine in module_path: "pixmap",

(pcmanfm:22637): Gtk-WARNING **: Unable to locate theme engine in module_path: "pixmap",

(pcmanfm:22637): Gtk-WARNING **: Unable to locate theme engine in module_path: "pixmap",

(pcmanfm:22637): Gtk-WARNING **: Unable to locate theme engine in module_path: "pixmap",

(pcmanfm:22637): Gtk-WARNING **: Unable to locate theme engine in module_path: "pixmap",

(pcmanfm:22637): Gtk-WARNING **: Unable to locate theme engine in module_path: "pixmap",

(pcmanfm:22637): Gtk-WARNING **: Unable to locate theme engine in module_path: "pixmap",

(pcmanfm:22637): Gtk-WARNING **: Unable to locate theme engine in module_path: "pixmap",

(pcmanfm:22637): Gtk-WARNING **: Unable to locate theme engine in module_path: "pixmap",

(pcmanfm:22637): Gtk-WARNING **: Unable to locate theme engine in module_path: "pixmap",

(pcmanfm:22637): Gtk-WARNING **: Unable to locate theme engine in module_path: "pixmap",

(pcmanfm:22637): Gtk-WARNING **: Unable to locate theme engine in module_path: "pixmap",

(main.py:17172): Wnck-WARNING **: Unhandled action type _OB_WM_ACTION_UNDECORATE
** (pcmanfm:22236): DEBUG: total size to copy: 4139

(main.py:17172): Wnck-WARNING **: Unhandled action type _OB_WM_ACTION_UNDECORATE

(main.py:17172): Wnck-WARNING **: Unhandled action type _OB_WM_ACTION_UNDECORATE

(main.py:17172): Wnck-WARNING **: Unhandled action type _OB_WM_ACTION_UNDECORATE

(main.py:17172): Wnck-WARNING **: Unhandled action type _OB_WM_ACTION_UNDECORATE
** (pcmanfm:22236): DEBUG: file operation is finished!

(main.py:17172): Wnck-WARNING **: Unhandled action type _OB_WM_ACTION_UNDECORATE

(main.py:17172): Wnck-WARNING **: Unhandled action type _OB_WM_ACTION_UNDECORATE

(main.py:17172): Wnck-WARNING **: Unhandled action type _OB_WM_ACTION_UNDECORATE

(main.py:17172): Wnck-WARNING **: Unhandled action type _OB_WM_ACTION_UNDECORATE

(main.py:17172): Wnck-WARNING **: Unhandled action type _OB_WM_ACTION_UNDECORATE

(main.py:17172): Wnck-WARNING **: Unhandled action type _OB_WM_ACTION_UNDECORATE

(main.py:17172): Wnck-WARNING **: Unhandled action type _OB_WM_ACTION_UNDECORATE

(main.py:17172): Wnck-WARNING **: Unhandled action type _OB_WM_ACTION_UNDECORATE

(main.py:17172): Wnck-WARNING **: Unhandled action type _OB_WM_ACTION_UNDECORATE
** (pcmanfm:22236): DEBUG: total size to copy: 40

(main.py:17172): Wnck-WARNING **: Unhandled action type _OB_WM_ACTION_UNDECORATE

(main.py:17172): Wnck-WARNING **: Unhandled action type _OB_WM_ACTION_UNDECORATE

(main.py:17172): Wnck-WARNING **: Unhandled action type _OB_WM_ACTION_UNDECORATE

(main.py:17172): Wnck-WARNING **: Unhandled action type _OB_WM_ACTION_UNDECORATE
** (pcmanfm:22236): DEBUG: file operation is finished!
** (pcmanfm:22236): DEBUG: FmJob error: No such file or directory
/home/hur1can3/Dropbox/dotfiles/.config/lxterminal/lxterminal.conf: 2: [general]: not found
/home/hur1can3/Dropbox/dotfiles/.config/lxterminal/lxterminal.conf: 3: Sans: not found
/home/hur1can3/Dropbox/dotfiles/.config/lxterminal/lxterminal.conf: 2: [general]: not found
/home/hur1can3/Dropbox/dotfiles/.config/lxterminal/lxterminal.conf: 3: Sans: not found
/home/hur1can3/Dropbox/dotfiles/.config/lxterminal/lxterminal.conf: 2: [general]: not found
/home/hur1can3/Dropbox/dotfiles/.config/lxterminal/lxterminal.conf: 3: Sans: not found
** (pcmanfm:22236): DEBUG: geany.desktop

(main.py:17172): Wnck-WARNING **: Unhandled action type _OB_WM_ACTION_UNDECORATE
** (pcmanfm:22236): DEBUG: geany.desktop

(main.py:17172): Wnck-WARNING **: Unhandled action type _OB_WM_ACTION_UNDECORATE

(main.py:17172): Wnck-WARNING **: Unhandled action type _OB_WM_ACTION_UNDECORATE
/home/hur1can3/Dropbox/dotfiles/.config/nitrogen/bg-saved.cfg: 2: [:0.0]: not found
** (pcmanfm:22236): DEBUG: geany.desktop

(main.py:17172): Wnck-WARNING **: Unhandled action type _OB_WM_ACTION_UNDECORATE

(main.py:17172): Wnck-WARNING **: Unhandled action type _OB_WM_ACTION_UNDECORATE
** (pcmanfm:22236): DEBUG: total number of files to delete: 9
** (pcmanfm:22236): DEBUG: total size to copy: 28196

(main.py:17172): Wnck-WARNING **: Unhandled action type _OB_WM_ACTION_UNDECORATE
** (pcmanfm:22236): DEBUG: total number of files to delete: 4

(main.py:17172): Wnck-WARNING **: Unhandled action type _OB_WM_ACTION_UNDECORATE
** (pcmanfm:22236): DEBUG: total number of files to delete: 3

(main.py:17172): Wnck-WARNING **: Unhandled action type _OB_WM_ACTION_UNDECORATE
** (pcmanfm:22236): DEBUG: total number of files to delete: 3

(main.py:17172): Wnck-WARNING **: Unhandled action type _OB_WM_ACTION_UNDECORATE
** (pcmanfm:22236): DEBUG: total number of files to delete: 11

(main.py:17172): Wnck-WARNING **: Unhandled action type _OB_WM_ACTION_UNDECORATE
** (pcmanfm:22236): DEBUG: total number of files to delete: 2

(main.py:17172): Wnck-WARNING **: Unhandled action type _OB_WM_ACTION_UNDECORATE
** (pcmanfm:22236): DEBUG: total number of files to delete: 2

(main.py:17172): Wnck-WARNING **: Unhandled action type _OB_WM_ACTION_UNDECORATE
** (pcmanfm:22236): DEBUG: total number of files to delete: 10

(main.py:17172): Wnck-WARNING **: Unhandled action type _OB_WM_ACTION_UNDECORATE
** (pcmanfm:22236): DEBUG: total number of files to delete: 3

(main.py:17172): Wnck-WARNING **: Unhandled action type _OB_WM_ACTION_UNDECORATE

(main.py:17172): Wnck-WARNING **: Unhandled action type _OB_WM_ACTION_UNDECORATE
** (pcmanfm:22236): DEBUG: total number of files to delete: 4
** (pcmanfm:22236): DEBUG: total size to copy: 97049
