23/02/2010-18:35:27:Info:A new metadata plugin was added, gmpc has purged all failed hits from the cache
23/02/2010-18:35:41:Critical:<b>error code 13: problems connecting to &quot;localhost&quot; on port 6600: Operation now in progress</b>
23/02/2010-18:54:59:Info:<b>Added profile:</b> 'New Profile'
23/02/2010-18:55:11:Info:<b>Removed profile:</b> 'Name'
23/02/2010-18:55:16:Critical:<b>error code 15: problems getting a response from &quot;localhost&quot; on port 6600 : Operation now in progress</b>
23/02/2010-18:55:20:Critical:<b>error code 15: problems getting a response from &quot;localhost&quot; on port 6600 : Operation now in progress</b>
23/02/2010-19:06:36:Critical:<b>error code 13: problems connecting to &quot;localhost&quot; on port 6600: Operation now in progress</b>
23/02/2010-19:07:35:Critical:<b>error code 13: problems connecting to &quot;localhost&quot; on port 6600: Operation now in progress</b>
23/02/2010-20:44:34:Info:Connected to mpd
23/02/2010-20:44:34:Info:MPD Database has been updated at: Tue 23 Feb 2010 08:00:46 PM EST
23/02/2010-20:45:08:Info:Disconnected from mpd
23/02/2010-20:45:09:Info:Connected to mpd
23/02/2010-20:45:09:Info:MPD Database has been updated at: Tue 23 Feb 2010 08:00:46 PM EST
23/02/2010-20:46:26:Info:Connected to mpd
23/02/2010-17:59:02:Info:Connected to mpd
23/02/2010-18:31:29:Info:Connected to mpd
23/02/2010-18:31:29:Info:MPD Database has been updated at: Tue 23 Feb 2010 06:30:27 PM PST
23/02/2010-18:32:14:Critical:<b>error code 5: ACK [5@0] {} unknown command &quot;replay_gain_status&quot;</b>
23/02/2010-18:32:14:Critical:<b>error code 5: ACK [5@0] {} unknown command &quot;replay_gain_status&quot;</b>
23/02/2010-18:32:15:Critical:<b>error code 5: ACK [5@0] {} unknown command &quot;replay_gain_status&quot;</b>
23/02/2010-18:32:15:Critical:<b>error code 5: ACK [5@0] {} unknown command &quot;replay_gain_status&quot;</b>
23/02/2010-18:32:16:Critical:<b>error code 5: ACK [5@0] {} unknown command &quot;replay_gain_status&quot;</b>
23/02/2010-18:32:16:Critical:<b>error code 5: ACK [5@0] {} unknown command &quot;replay_gain_status&quot;</b>
23/02/2010-18:44:34:Info:Connected to mpd
23/02/2010-19:06:26:Info:Connected to mpd
23/02/2010-19:17:17:Info:Connected to mpd
24/02/2010-12:57:22:Info:Connected to mpd
24/02/2010-13:34:57:Info:Connected to mpd
25/02/2010-10:15:52:Info:Connected to mpd
26/02/2010-15:23:52:Info:Connected to mpd
04/03/2010-14:43:27:Warning:Could not grab the following multimedia keys:

	PlayPause: XF86AudioPlay
	Next: XF86AudioNext
	Stop: XF86AudioStop
	Volume Up: XF86AudioRaiseVolume
	Volume Down: XF86AudioLowerVolume
	Toggle Mute: XF86AudioMute

Ensure that your window manager (or other applications) have not already bound this key for some other function, then restart gmpc.
04/03/2010-14:43:28:Info:Connected to mpd
04/03/2010-14:43:40:Info:MPD Database has been updated at: Thu 04 Mar 2010 02:43:40 PM PST
04/03/2010-14:46:32:Info:MPD Database has been updated at: Thu 04 Mar 2010 02:46:32 PM PST
04/03/2010-14:52:45:Critical:Could not grab multimedia key:

	PlayPause: XF86AudioPlay

Ensure that your window manager (or other applications) have not already bound this key for some other function, then restart gmpc.
04/03/2010-18:55:37:Critical:<b>error code 17: connection closed</b>
04/03/2010-18:55:37:Info:Disconnected from mpd
04/03/2010-19:31:51:Warning:Could not grab the following multimedia keys:

	PlayPause: XF86AudioPlay
	Next: XF86AudioNext
	Stop: XF86AudioStop
	Volume Up: XF86AudioRaiseVolume
	Volume Down: XF86AudioLowerVolume
	Toggle Mute: XF86AudioMute

Ensure that your window manager (or other applications) have not already bound this key for some other function, then restart gmpc.
04/03/2010-19:31:52:Info:Connected to mpd
08/03/2010-09:52:46:Warning:Could not grab the following multimedia keys:

	PlayPause: XF86AudioPlay
	Next: XF86AudioNext
	Stop: XF86AudioStop
	Volume Up: XF86AudioRaiseVolume
	Volume Down: XF86AudioLowerVolume
	Toggle Mute: XF86AudioMute

Ensure that your window manager (or other applications) have not already bound this key for some other function, then restart gmpc.
08/03/2010-09:52:47:Info:Connected to mpd
08/03/2010-09:52:53:Info:MPD Database has been updated at: Mon 08 Mar 2010 09:52:53 AM PST
08/03/2010-21:34:34:Warning:Could not grab the following multimedia keys:

	PlayPause: XF86AudioPlay
	Next: XF86AudioNext
	Stop: XF86AudioStop
	Volume Up: XF86AudioRaiseVolume
	Volume Down: XF86AudioLowerVolume
	Toggle Mute: XF86AudioMute

Ensure that your window manager (or other applications) have not already bound this key for some other function, then restart gmpc.
08/03/2010-21:34:35:Info:Connected to mpd
10/03/2010-07:57:35:Warning:Could not grab the following multimedia keys:

	PlayPause: XF86AudioPlay
	Next: XF86AudioNext
	Stop: XF86AudioStop
	Volume Up: XF86AudioRaiseVolume
	Volume Down: XF86AudioLowerVolume
	Toggle Mute: XF86AudioMute

Ensure that your window manager (or other applications) have not already bound this key for some other function, then restart gmpc.
10/03/2010-07:57:36:Info:Connected to mpd
10/03/2010-08:23:48:Critical:<b>error code 17: connection closed</b>
10/03/2010-08:23:48:Info:Disconnected from mpd
10/03/2010-08:23:51:Critical:<b>error code 13: problems connecting to &quot;localhost&quot; on port 6600: Operation now in progress</b>
10/03/2010-08:23:54:Critical:<b>error code 13: problems connecting to &quot;localhost&quot; on port 6600: Operation now in progress</b>
10/03/2010-08:24:02:Warning:Could not grab the following multimedia keys:

	PlayPause: XF86AudioPlay
	Next: XF86AudioNext
	Stop: XF86AudioStop
	Volume Up: XF86AudioRaiseVolume
	Volume Down: XF86AudioLowerVolume
	Toggle Mute: XF86AudioMute

Ensure that your window manager (or other applications) have not already bound this key for some other function, then restart gmpc.
10/03/2010-08:24:02:Critical:<b>error code 13: problems connecting to &quot;localhost&quot; on port 6600: Operation now in progress</b>
10/03/2010-08:24:09:Critical:<b>error code 13: problems connecting to &quot;localhost&quot; on port 6600: Operation now in progress</b>
10/03/2010-08:24:16:Critical:<b>error code 13: problems connecting to &quot;localhost&quot; on port 6600: Operation now in progress</b>
10/03/2010-08:24:24:Critical:<b>error code 13: problems connecting to &quot;localhost&quot; on port 6600: Operation now in progress</b>
10/03/2010-08:24:33:Critical:<b>error code 13: problems connecting to &quot;localhost&quot; on port 6600: Operation now in progress</b>
10/03/2010-08:24:43:Critical:<b>error code 13: problems connecting to &quot;localhost&quot; on port 6600: Operation now in progress</b>
10/03/2010-08:24:54:Critical:<b>error code 13: problems connecting to &quot;localhost&quot; on port 6600: Operation now in progress</b>
10/03/2010-08:25:06:Critical:<b>error code 13: problems connecting to &quot;localhost&quot; on port 6600: Operation now in progress</b>
10/03/2010-08:25:19:Info:Connected to mpd
10/03/2010-09:04:22:Critical:<b>error code 17: connection closed</b>
10/03/2010-09:04:22:Info:Disconnected from mpd
10/03/2010-09:04:27:Critical:<b>error code 13: problems connecting to &quot;localhost&quot; on port 6600: Operation now in progress</b>
10/03/2010-09:04:33:Critical:<b>error code 13: problems connecting to &quot;localhost&quot; on port 6600: Operation now in progress</b>
10/03/2010-09:04:40:Critical:<b>error code 13: problems connecting to &quot;localhost&quot; on port 6600: Operation now in progress</b>
10/03/2010-09:04:48:Critical:<b>error code 13: problems connecting to &quot;localhost&quot; on port 6600: Operation now in progress</b>
10/03/2010-09:04:57:Critical:<b>error code 13: problems connecting to &quot;localhost&quot; on port 6600: Operation now in progress</b>
10/03/2010-09:05:07:Critical:<b>error code 13: problems connecting to &quot;localhost&quot; on port 6600: Operation now in progress</b>
10/03/2010-09:05:18:Critical:<b>error code 13: problems connecting to &quot;localhost&quot; on port 6600: Operation now in progress</b>
10/03/2010-09:05:30:Critical:<b>error code 13: problems connecting to &quot;localhost&quot; on port 6600: Operation now in progress</b>
10/03/2010-09:05:43:Critical:<b>error code 13: problems connecting to &quot;localhost&quot; on port 6600: Operation now in progress</b>
10/03/2010-09:05:57:Critical:<b>error code 13: problems connecting to &quot;localhost&quot; on port 6600: Operation now in progress</b>
10/03/2010-09:06:12:Critical:<b>error code 13: problems connecting to &quot;localhost&quot; on port 6600: Operation now in progress</b>
10/03/2010-09:06:28:Critical:<b>error code 13: problems connecting to &quot;localhost&quot; on port 6600: Operation now in progress</b>
10/03/2010-09:06:45:Critical:<b>error code 13: problems connecting to &quot;localhost&quot; on port 6600: Operation now in progress</b>
10/03/2010-09:07:03:Critical:<b>error code 13: problems connecting to &quot;localhost&quot; on port 6600: Operation now in progress</b>
10/03/2010-09:07:22:Critical:<b>error code 13: problems connecting to &quot;localhost&quot; on port 6600: Operation now in progress</b>
10/03/2010-09:07:42:Critical:<b>error code 13: problems connecting to &quot;localhost&quot; on port 6600: Operation now in progress</b>
10/03/2010-09:08:03:Critical:<b>error code 13: problems connecting to &quot;localhost&quot; on port 6600: Operation now in progress</b>
10/03/2010-09:08:25:Critical:<b>error code 13: problems connecting to &quot;localhost&quot; on port 6600: Operation now in progress</b>
10/03/2010-09:08:48:Critical:<b>error code 13: problems connecting to &quot;localhost&quot; on port 6600: Operation now in progress</b>
10/03/2010-09:09:12:Critical:<b>error code 13: problems connecting to &quot;localhost&quot; on port 6600: Operation now in progress</b>
10/03/2010-09:09:37:Critical:<b>error code 13: problems connecting to &quot;localhost&quot; on port 6600: Operation now in progress</b>
10/03/2010-09:10:03:Critical:<b>error code 13: problems connecting to &quot;localhost&quot; on port 6600: Operation now in progress</b>
10/03/2010-09:10:30:Critical:<b>error code 13: problems connecting to &quot;localhost&quot; on port 6600: Operation now in progress</b>
10/03/2010-09:10:58:Critical:<b>error code 13: problems connecting to &quot;localhost&quot; on port 6600: Operation now in progress</b>
10/03/2010-09:11:27:Critical:<b>error code 13: problems connecting to &quot;localhost&quot; on port 6600: Operation now in progress</b>
10/03/2010-09:11:57:Critical:<b>error code 13: problems connecting to &quot;localhost&quot; on port 6600: Operation now in progress</b>
10/03/2010-09:12:28:Critical:<b>error code 13: problems connecting to &quot;localhost&quot; on port 6600: Operation now in progress</b>
10/03/2010-09:13:00:Critical:<b>error code 13: problems connecting to &quot;localhost&quot; on port 6600: Operation now in progress</b>
10/03/2010-09:13:33:Critical:<b>error code 13: problems connecting to &quot;localhost&quot; on port 6600: Operation now in progress</b>
10/03/2010-09:14:07:Critical:<b>error code 13: problems connecting to &quot;localhost&quot; on port 6600: Operation now in progress</b>
10/03/2010-09:14:42:Critical:<b>error code 13: problems connecting to &quot;localhost&quot; on port 6600: Operation now in progress</b>
10/03/2010-09:15:18:Critical:<b>error code 13: problems connecting to &quot;localhost&quot; on port 6600: Operation now in progress</b>
10/03/2010-09:15:55:Critical:<b>error code 13: problems connecting to &quot;localhost&quot; on port 6600: Operation now in progress</b>
10/03/2010-09:16:33:Critical:<b>error code 13: problems connecting to &quot;localhost&quot; on port 6600: Operation now in progress</b>
10/03/2010-09:17:12:Critical:<b>error code 13: problems connecting to &quot;localhost&quot; on port 6600: Operation now in progress</b>
10/03/2010-09:17:52:Critical:<b>error code 13: problems connecting to &quot;localhost&quot; on port 6600: Operation now in progress</b>
10/03/2010-09:18:33:Critical:<b>error code 13: problems connecting to &quot;localhost&quot; on port 6600: Operation now in progress</b>
10/03/2010-09:19:15:Critical:<b>error code 13: problems connecting to &quot;localhost&quot; on port 6600: Operation now in progress</b>
10/03/2010-09:19:58:Critical:<b>error code 13: problems connecting to &quot;localhost&quot; on port 6600: Operation now in progress</b>
10/03/2010-09:20:42:Critical:<b>error code 13: problems connecting to &quot;localhost&quot; on port 6600: Operation now in progress</b>
10/03/2010-09:21:27:Critical:<b>error code 13: problems connecting to &quot;localhost&quot; on port 6600: Operation now in progress</b>
10/03/2010-09:22:13:Critical:<b>error code 13: problems connecting to &quot;localhost&quot; on port 6600: Operation now in progress</b>
10/03/2010-09:23:00:Critical:<b>error code 13: problems connecting to &quot;localhost&quot; on port 6600: Operation now in progress</b>
10/03/2010-09:23:48:Critical:<b>error code 13: problems connecting to &quot;localhost&quot; on port 6600: Operation now in progress</b>
10/03/2010-09:24:37:Critical:<b>error code 13: problems connecting to &quot;localhost&quot; on port 6600: Operation now in progress</b>
10/03/2010-09:25:27:Critical:<b>error code 13: problems connecting to &quot;localhost&quot; on port 6600: Operation now in progress</b>
10/03/2010-09:26:18:Critical:<b>error code 13: problems connecting to &quot;localhost&quot; on port 6600: Operation now in progress</b>
10/03/2010-09:27:10:Critical:<b>error code 13: problems connecting to &quot;localhost&quot; on port 6600: Operation now in progress</b>
10/03/2010-09:28:03:Critical:<b>error code 13: problems connecting to &quot;localhost&quot; on port 6600: Operation now in progress</b>
10/03/2010-09:28:57:Critical:<b>error code 13: problems connecting to &quot;localhost&quot; on port 6600: Operation now in progress</b>
10/03/2010-09:29:52:Critical:<b>error code 13: problems connecting to &quot;localhost&quot; on port 6600: Operation now in progress</b>
10/03/2010-09:30:48:Critical:<b>error code 13: problems connecting to &quot;localhost&quot; on port 6600: Operation now in progress</b>
10/03/2010-09:31:45:Critical:<b>error code 13: problems connecting to &quot;localhost&quot; on port 6600: Operation now in progress</b>
10/03/2010-09:32:43:Critical:<b>error code 13: problems connecting to &quot;localhost&quot; on port 6600: Operation now in progress</b>
10/03/2010-09:33:42:Critical:<b>error code 13: problems connecting to &quot;localhost&quot; on port 6600: Operation now in progress</b>
10/03/2010-09:34:42:Critical:<b>error code 13: problems connecting to &quot;localhost&quot; on port 6600: Operation now in progress</b>
10/03/2010-09:35:43:Critical:<b>error code 13: problems connecting to &quot;localhost&quot; on port 6600: Operation now in progress</b>
10/03/2010-09:36:45:Critical:<b>error code 13: problems connecting to &quot;localhost&quot; on port 6600: Operation now in progress</b>
10/03/2010-09:37:48:Critical:<b>error code 13: problems connecting to &quot;localhost&quot; on port 6600: Operation now in progress</b>
10/03/2010-09:38:52:Critical:<b>error code 13: problems connecting to &quot;localhost&quot; on port 6600: Operation now in progress</b>
10/03/2010-09:39:57:Critical:<b>error code 13: problems connecting to &quot;localhost&quot; on port 6600: Operation now in progress</b>
10/03/2010-09:41:02:Critical:<b>error code 13: problems connecting to &quot;localhost&quot; on port 6600: Operation now in progress</b>
10/03/2010-09:42:07:Critical:<b>error code 13: problems connecting to &quot;localhost&quot; on port 6600: Operation now in progress</b>
10/03/2010-09:43:12:Critical:<b>error code 13: problems connecting to &quot;localhost&quot; on port 6600: Operation now in progress</b>
10/03/2010-09:44:17:Critical:<b>error code 13: problems connecting to &quot;localhost&quot; on port 6600: Operation now in progress</b>
10/03/2010-09:45:22:Critical:<b>error code 13: problems connecting to &quot;localhost&quot; on port 6600: Operation now in progress</b>
10/03/2010-09:46:27:Critical:<b>error code 13: problems connecting to &quot;localhost&quot; on port 6600: Operation now in progress</b>
10/03/2010-09:47:32:Critical:<b>error code 13: problems connecting to &quot;localhost&quot; on port 6600: Operation now in progress</b>
10/03/2010-09:48:37:Critical:<b>error code 13: problems connecting to &quot;localhost&quot; on port 6600: Operation now in progress</b>
10/03/2010-09:49:42:Critical:<b>error code 13: problems connecting to &quot;localhost&quot; on port 6600: Operation now in progress</b>
10/03/2010-09:50:47:Critical:<b>error code 13: problems connecting to &quot;localhost&quot; on port 6600: Operation now in progress</b>
10/03/2010-09:51:52:Critical:<b>error code 13: problems connecting to &quot;localhost&quot; on port 6600: Operation now in progress</b>
10/03/2010-09:52:57:Critical:<b>error code 13: problems connecting to &quot;localhost&quot; on port 6600: Operation now in progress</b>
10/03/2010-09:54:02:Critical:<b>error code 13: problems connecting to &quot;localhost&quot; on port 6600: Operation now in progress</b>
10/03/2010-09:55:07:Critical:<b>error code 13: problems connecting to &quot;localhost&quot; on port 6600: Operation now in progress</b>
10/03/2010-09:56:12:Critical:<b>error code 13: problems connecting to &quot;localhost&quot; on port 6600: Operation now in progress</b>
10/03/2010-09:57:17:Critical:<b>error code 13: problems connecting to &quot;localhost&quot; on port 6600: Operation now in progress</b>
10/03/2010-09:58:22:Critical:<b>error code 13: problems connecting to &quot;localhost&quot; on port 6600: Operation now in progress</b>
10/03/2010-09:59:27:Critical:<b>error code 13: problems connecting to &quot;localhost&quot; on port 6600: Operation now in progress</b>
10/03/2010-10:00:32:Critical:<b>error code 13: problems connecting to &quot;localhost&quot; on port 6600: Operation now in progress</b>
10/03/2010-10:01:37:Critical:<b>error code 13: problems connecting to &quot;localhost&quot; on port 6600: Operation now in progress</b>
10/03/2010-10:02:42:Critical:<b>error code 13: problems connecting to &quot;localhost&quot; on port 6600: Operation now in progress</b>
10/03/2010-10:03:47:Critical:<b>error code 13: problems connecting to &quot;localhost&quot; on port 6600: Operation now in progress</b>
10/03/2010-10:04:52:Critical:<b>error code 13: problems connecting to &quot;localhost&quot; on port 6600: Operation now in progress</b>
10/03/2010-10:05:57:Critical:<b>error code 13: problems connecting to &quot;localhost&quot; on port 6600: Operation now in progress</b>
10/03/2010-10:07:02:Critical:<b>error code 13: problems connecting to &quot;localhost&quot; on port 6600: Operation now in progress</b>
10/03/2010-10:08:07:Critical:<b>error code 13: problems connecting to &quot;localhost&quot; on port 6600: Operation now in progress</b>
10/03/2010-10:09:12:Critical:<b>error code 13: problems connecting to &quot;localhost&quot; on port 6600: Operation now in progress</b>
10/03/2010-10:10:17:Critical:<b>error code 13: problems connecting to &quot;localhost&quot; on port 6600: Operation now in progress</b>
10/03/2010-10:11:22:Critical:<b>error code 13: problems connecting to &quot;localhost&quot; on port 6600: Operation now in progress</b>
10/03/2010-10:12:27:Critical:<b>error code 13: problems connecting to &quot;localhost&quot; on port 6600: Operation now in progress</b>
10/03/2010-10:13:32:Critical:<b>error code 13: problems connecting to &quot;localhost&quot; on port 6600: Operation now in progress</b>
10/03/2010-10:14:37:Critical:<b>error code 13: problems connecting to &quot;localhost&quot; on port 6600: Operation now in progress</b>
10/03/2010-10:15:42:Critical:<b>error code 13: problems connecting to &quot;localhost&quot; on port 6600: Operation now in progress</b>
10/03/2010-10:16:47:Critical:<b>error code 13: problems connecting to &quot;localhost&quot; on port 6600: Operation now in progress</b>
10/03/2010-10:17:52:Critical:<b>error code 13: problems connecting to &quot;localhost&quot; on port 6600: Operation now in progress</b>
10/03/2010-10:18:57:Critical:<b>error code 13: problems connecting to &quot;localhost&quot; on port 6600: Operation now in progress</b>
10/03/2010-10:20:02:Critical:<b>error code 13: problems connecting to &quot;localhost&quot; on port 6600: Operation now in progress</b>
10/03/2010-10:21:07:Critical:<b>error code 13: problems connecting to &quot;localhost&quot; on port 6600: Operation now in progress</b>
10/03/2010-10:22:12:Critical:<b>error code 13: problems connecting to &quot;localhost&quot; on port 6600: Operation now in progress</b>
10/03/2010-10:23:17:Critical:<b>error code 13: problems connecting to &quot;localhost&quot; on port 6600: Operation now in progress</b>
10/03/2010-10:24:22:Critical:<b>error code 13: problems connecting to &quot;localhost&quot; on port 6600: Operation now in progress</b>
10/03/2010-10:25:27:Critical:<b>error code 13: problems connecting to &quot;localhost&quot; on port 6600: Operation now in progress</b>
10/03/2010-10:26:25:Warning:Could not grab the following multimedia keys:

	PlayPause: XF86AudioPlay
	Next: XF86AudioNext
	Stop: XF86AudioStop
	Volume Up: XF86AudioRaiseVolume
	Volume Down: XF86AudioLowerVolume
	Toggle Mute: XF86AudioMute

Ensure that your window manager (or other applications) have not already bound this key for some other function, then restart gmpc.
10/03/2010-10:26:25:Critical:<b>error code 13: problems connecting to &quot;localhost&quot; on port 6600: Operation now in progress</b>
10/03/2010-10:26:32:Critical:<b>error code 13: problems connecting to &quot;localhost&quot; on port 6600: Operation now in progress</b>
10/03/2010-10:26:39:Critical:<b>error code 13: problems connecting to &quot;localhost&quot; on port 6600: Operation now in progress</b>
10/03/2010-10:26:47:Critical:<b>error code 13: problems connecting to &quot;localhost&quot; on port 6600: Operation now in progress</b>
10/03/2010-10:26:54:Info:Connected to mpd
20/03/2010-08:46:01:Warning:Could not grab the following multimedia keys:

	PlayPause: XF86AudioPlay
	Next: XF86AudioNext
	Stop: XF86AudioStop
	Volume Up: XF86AudioRaiseVolume
	Volume Down: XF86AudioLowerVolume
	Toggle Mute: XF86AudioMute

Ensure that your window manager (or other applications) have not already bound this key for some other function, then restart gmpc.
20/03/2010-08:46:02:Info:Connected to mpd
20/03/2010-08:46:07:Info:MPD Database has been updated at: Sat 20 Mar 2010 08:46:07 AM PDT
20/03/2010-08:47:14:Info:MPD Database has been updated at: Sat 20 Mar 2010 08:47:14 AM PDT
20/03/2010-08:47:44:Info:MPD Database has been updated at: Sat 20 Mar 2010 08:47:44 AM PDT
20/03/2010-09:15:03:Critical:<b>error code 17: connection closed</b>
20/03/2010-09:15:03:Info:Disconnected from mpd
20/03/2010-09:15:05:Critical:<b>error code 13: problems connecting to &quot;localhost&quot; on port 6600: Operation now in progress</b>
20/03/2010-09:15:08:Critical:<b>error code 13: problems connecting to &quot;localhost&quot; on port 6600: Operation now in progress</b>
20/03/2010-09:15:14:Critical:<b>error code 13: problems connecting to &quot;localhost&quot; on port 6600: Operation now in progress</b>
20/03/2010-09:15:21:Critical:<b>error code 13: problems connecting to &quot;localhost&quot; on port 6600: Operation now in progress</b>
20/03/2010-09:15:28:Info:Connected to mpd
20/03/2010-09:15:28:Info:MPD Database has been updated at: Sat 20 Mar 2010 08:47:44 AM PDT
25/03/2010-06:10:31:Warning:Could not grab the following multimedia keys:

	PlayPause: XF86AudioPlay
	Next: XF86AudioNext
	Stop: XF86AudioStop
	Volume Up: XF86AudioRaiseVolume
	Volume Down: XF86AudioLowerVolume
	Toggle Mute: XF86AudioMute

Ensure that your window manager (or other applications) have not already bound this key for some other function, then restart gmpc.
25/03/2010-06:10:32:Info:Connected to mpd
28/03/2010-14:14:29:Warning:Could not grab the following multimedia keys:

	PlayPause: XF86AudioPlay
	Next: XF86AudioNext
	Stop: XF86AudioStop
	Volume Up: XF86AudioRaiseVolume
	Volume Down: XF86AudioLowerVolume
	Toggle Mute: XF86AudioMute

Ensure that your window manager (or other applications) have not already bound this key for some other function, then restart gmpc.
28/03/2010-21:31:31:Warning:Could not grab the following multimedia keys:

	PlayPause: XF86AudioPlay
	Next: XF86AudioNext
	Stop: XF86AudioStop
	Volume Up: XF86AudioRaiseVolume
	Volume Down: XF86AudioLowerVolume
	Toggle Mute: XF86AudioMute

Ensure that your window manager (or other applications) have not already bound this key for some other function, then restart gmpc.
28/03/2010-21:31:31:Critical:<b>error code 13: problems connecting to &quot;localhost&quot; on port 6600: Operation now in progress</b>
28/03/2010-21:31:33:Critical:<b>error code 13: problems connecting to &quot;localhost&quot; on port 6600: Operation now in progress</b>
28/03/2010-21:31:37:Critical:<b>error code 13: problems connecting to &quot;localhost&quot; on port 6600: Operation now in progress</b>
28/03/2010-21:31:44:Critical:<b>error code 13: problems connecting to &quot;localhost&quot; on port 6600: Operation now in progress</b>
28/03/2010-21:31:52:Critical:<b>error code 13: problems connecting to &quot;localhost&quot; on port 6600: Operation now in progress</b>
28/03/2010-21:32:01:Critical:<b>error code 13: problems connecting to &quot;localhost&quot; on port 6600: Operation now in progress</b>
28/03/2010-21:32:11:Critical:<b>error code 13: problems connecting to &quot;localhost&quot; on port 6600: Operation now in progress</b>
28/03/2010-21:32:22:Critical:<b>error code 13: problems connecting to &quot;localhost&quot; on port 6600: Operation now in progress</b>
28/03/2010-21:32:34:Critical:<b>error code 13: problems connecting to &quot;localhost&quot; on port 6600: Operation now in progress</b>
28/03/2010-21:32:47:Critical:<b>error code 13: problems connecting to &quot;localhost&quot; on port 6600: Operation now in progress</b>
28/03/2010-21:33:01:Critical:<b>error code 13: problems connecting to &quot;localhost&quot; on port 6600: Operation now in progress</b>
28/03/2010-21:33:16:Critical:<b>error code 13: problems connecting to &quot;localhost&quot; on port 6600: Operation now in progress</b>
28/03/2010-21:33:32:Critical:<b>error code 13: problems connecting to &quot;localhost&quot; on port 6600: Operation now in progress</b>
28/03/2010-21:33:49:Critical:<b>error code 13: problems connecting to &quot;localhost&quot; on port 6600: Operation now in progress</b>
28/03/2010-21:34:07:Critical:<b>error code 13: problems connecting to &quot;localhost&quot; on port 6600: Operation now in progress</b>
28/03/2010-21:34:26:Critical:<b>error code 13: problems connecting to &quot;localhost&quot; on port 6600: Operation now in progress</b>
28/03/2010-21:34:46:Critical:<b>error code 13: problems connecting to &quot;localhost&quot; on port 6600: Operation now in progress</b>
28/03/2010-21:35:07:Critical:<b>error code 13: problems connecting to &quot;localhost&quot; on port 6600: Operation now in progress</b>
28/03/2010-21:35:29:Critical:<b>error code 13: problems connecting to &quot;localhost&quot; on port 6600: Operation now in progress</b>
28/03/2010-21:35:52:Critical:<b>error code 13: problems connecting to &quot;localhost&quot; on port 6600: Operation now in progress</b>
28/03/2010-21:36:16:Critical:<b>error code 13: problems connecting to &quot;localhost&quot; on port 6600: Operation now in progress</b>
28/03/2010-21:36:41:Critical:<b>error code 13: problems connecting to &quot;localhost&quot; on port 6600: Operation now in progress</b>
28/03/2010-21:37:07:Critical:<b>error code 13: problems connecting to &quot;localhost&quot; on port 6600: Operation now in progress</b>
28/03/2010-21:37:34:Critical:<b>error code 13: problems connecting to &quot;localhost&quot; on port 6600: Operation now in progress</b>
28/03/2010-21:38:02:Critical:<b>error code 13: problems connecting to &quot;localhost&quot; on port 6600: Operation now in progress</b>
28/03/2010-21:38:31:Critical:<b>error code 13: problems connecting to &quot;localhost&quot; on port 6600: Operation now in progress</b>
28/03/2010-21:39:01:Critical:<b>error code 13: problems connecting to &quot;localhost&quot; on port 6600: Operation now in progress</b>
28/03/2010-21:39:32:Critical:<b>error code 13: problems connecting to &quot;localhost&quot; on port 6600: Operation now in progress</b>
28/03/2010-21:40:04:Critical:<b>error code 13: problems connecting to &quot;localhost&quot; on port 6600: Operation now in progress</b>
28/03/2010-21:40:37:Critical:<b>error code 13: problems connecting to &quot;localhost&quot; on port 6600: Operation now in progress</b>
28/03/2010-21:41:11:Critical:<b>error code 13: problems connecting to &quot;localhost&quot; on port 6600: Operation now in progress</b>
28/03/2010-21:41:46:Critical:<b>error code 13: problems connecting to &quot;localhost&quot; on port 6600: Operation now in progress</b>
28/03/2010-21:42:22:Critical:<b>error code 13: problems connecting to &quot;localhost&quot; on port 6600: Operation now in progress</b>
28/03/2010-21:42:59:Critical:<b>error code 13: problems connecting to &quot;localhost&quot; on port 6600: Operation now in progress</b>
28/03/2010-21:43:37:Critical:<b>error code 13: problems connecting to &quot;localhost&quot; on port 6600: Operation now in progress</b>
28/03/2010-21:44:16:Critical:<b>error code 13: problems connecting to &quot;localhost&quot; on port 6600: Operation now in progress</b>
28/03/2010-21:44:56:Critical:<b>error code 13: problems connecting to &quot;localhost&quot; on port 6600: Operation now in progress</b>
28/03/2010-21:45:37:Critical:<b>error code 13: problems connecting to &quot;localhost&quot; on port 6600: Operation now in progress</b>
28/03/2010-21:46:19:Critical:<b>error code 13: problems connecting to &quot;localhost&quot; on port 6600: Operation now in progress</b>
28/03/2010-21:47:02:Critical:<b>error code 13: problems connecting to &quot;localhost&quot; on port 6600: Operation now in progress</b>
28/03/2010-21:47:46:Critical:<b>error code 13: problems connecting to &quot;localhost&quot; on port 6600: Operation now in progress</b>
28/03/2010-21:48:31:Critical:<b>error code 13: problems connecting to &quot;localhost&quot; on port 6600: Operation now in progress</b>
28/03/2010-21:49:17:Critical:<b>error code 13: problems connecting to &quot;localhost&quot; on port 6600: Operation now in progress</b>
28/03/2010-21:50:04:Critical:<b>error code 13: problems connecting to &quot;localhost&quot; on port 6600: Operation now in progress</b>
28/03/2010-21:50:52:Critical:<b>error code 13: problems connecting to &quot;localhost&quot; on port 6600: Operation now in progress</b>
28/03/2010-21:51:41:Critical:<b>error code 13: problems connecting to &quot;localhost&quot; on port 6600: Operation now in progress</b>
28/03/2010-21:52:31:Critical:<b>error code 13: problems connecting to &quot;localhost&quot; on port 6600: Operation now in progress</b>
28/03/2010-21:53:22:Critical:<b>error code 13: problems connecting to &quot;localhost&quot; on port 6600: Operation now in progress</b>
28/03/2010-21:54:14:Critical:<b>error code 13: problems connecting to &quot;localhost&quot; on port 6600: Operation now in progress</b>
28/03/2010-21:55:07:Critical:<b>error code 13: problems connecting to &quot;localhost&quot; on port 6600: Operation now in progress</b>
28/03/2010-21:56:01:Critical:<b>error code 13: problems connecting to &quot;localhost&quot; on port 6600: Operation now in progress</b>
28/03/2010-21:56:56:Critical:<b>error code 13: problems connecting to &quot;localhost&quot; on port 6600: Operation now in progress</b>
29/03/2010-16:34:43:Warning:Could not grab the following multimedia keys:

	PlayPause: XF86AudioPlay
	Next: XF86AudioNext
	Stop: XF86AudioStop
	Volume Up: XF86AudioRaiseVolume
	Volume Down: XF86AudioLowerVolume
	Toggle Mute: XF86AudioMute

Ensure that your window manager (or other applications) have not already bound this key for some other function, then restart gmpc.
